4 193 291 221 89
4 93 211 23 11
4 24 34 275 138
3 278 146 104
3 175 277 272
3 3 107 241
3 66 29 289
4 115 270 2 116
4 222 251 28 245
3 45 140 101
3 7 158 203
4 122 22 159 141
3 30 254 295
3 172 9 20
3 192 147 204
3 281 157 25
3 132 198 284
4 299 246 81 223
3 228 95 156
3 61 233 43
3 186 153 190
3 286 84 97
3 209 133 111
3 109 174 73
3 99 145 18
3 149 127 288
3 250 67 68
3 230 62 50
3 248 294 106
3 182 110 135
3 100 274 57
3 44 21 265
3 173 202 85
3 113 148 112
3 58 117 298
3 55 229 247
3 215 71 205
3 136 214 119
3 64 31 292
3 266 253 16
3 26 69 244
3 108 195 94
3 118 76 188
3 183 38 88
4 199 166 264 83
3 139 77 276
3 238 92 80
4 231 165 262 213
3 14 196 114
3 35 39 242
3 252 240 96
3 255 234 162
3 123 201 181
3 191 187 297
3 163 184 151
3 263 279 32
3 130 53 179
3 268 280 102
3 168 36 1
3 56 46 47
3 177 200 212
3 129 125 216
3 210 237 249
2 161 256
3 105 70 131
3 82 65 185
3 51 267 178
3 227 160 219
3 86 8 150
2 206 121
2 224 103
3 171 261 243
3 60 207 12
3 167 260 180
3 283 40 271
3 5 220 226
3 72 87 63
3 134 169 257
3 120 137 10
3 91 154 282
3 189 142 42
3 194 208 126
3 235 217 48
3 128 144 155
3 78 15 33
2 290 0
3 176 225 54
2 27 19
2 273 98
3 4 236 287
3 17 41 197
3 218 239 259
2 13 59
3 124 37 293
3 52 269 143
3 6 79 49
3 164 74 285
2 170 152
2 296 75
3 90 232 258
