23 8452 7852 2241 1191 721 7029 7551 5454 3661 3855 2890 1388 7863 9127 7931 4073 5241 8023 2592 6868 687 8102 1844
24 7003 4699 1417 2945 3744 7596 6068 6017 1552 5150 4871 61 9738 1859 4503 361 1115 6417 3442 2773 8341 6597 5705 3230
23 8046 4723 9782 2305 7932 2953 4243 6648 6203 7255 7134 7425 5108 1712 9949 7334 6005 470 1705 5136 938 1586 5513
31 3795 4813 366 7855 3814 4803 1254 7564 7083 791 3260 8101 2449 8321 4106 6254 3993 4589 8403 4590 1343 74 4945 777 1014 6475 9903 9644 6509 894 9910
23 9099 3095 9603 9532 5225 8197 7365 2181 1379 6941 4168 8238 3567 6284 3427 5405 5628 5976 4971 4900 8099 9840 1022
27 9944 2403 8993 4731 7822 6091 7582 2030 2159 8269 9577 4663 6095 2409 3470 2859 2410 1649 5930 3613 1362 9211 856 3633 5255 6197 6190
24 4303 8232 6749 5160 3948 8635 3882 4607 3400 9506 830 3743 3422 889 3485 9790 6224 7115 6405 7393 6075 1108 9600 6515
27 396 1275 759 2179 6796 237 6599 2076 182 5723 1182 2985 8873 3665 3282 9356 7796 590 3692 696 5644 2970 9042 1333 548 4939 2445
24 6689 4109 4585 2286 8957 6702 818 250 2720 2417 3675 4964 3597 5363 6824 6302 8743 3603 8848 1553 3702 8564 4493 4321
25 2662 9611 531 4707 8697 3777 5555 4285 1963 5466 7877 2419 2569 5439 8190 3455 2730 959 1858 5229 4252 5994 2805 9289 9913
24 7966 5093 170 1938 3921 6061 2565 3473 920 1838 2102 7739 5602 2675 4914 8731 2702 8618 8110 5223 5868 7635 5377 7227
26 1270 7925 6930 6400 5131 9132 7034 8352 4550 7683 5799 1782 8039 255 2139 5192 1756 2287 4119 9307 8609 5320 4123 9748 9744 2620
25 9144 4681 8371 596 6144 5369 6734 2201 405 7832 7654 8791 5882 7666 710 2580 7381 5859 5684 822 9478 9199 25 211 3654
22 8732 1617 7507 8835 9315 3279 2101 421 9399 1573 4254 1221 4166 2052 9829 9580 1273 7627 6247 5064 7771 4679
22 1680 2545 9193 9705 4196 5045 1672 4388 3464 7622 7793 1591 5279 8761 2993 7121 5610 6004 7516 4625 2881 4301
24 1107 868 8140 9795 7612 6045 6843 5922 7547 2489 863 4725 9357 7366 5114 8864 9225 898 6056 47 4763 1426 8080 6403
25 2272 7144 3128 2497 3994 1170 7515 5728 7360 4514 4429 7415 5718 8650 648 6020 4447 1267 80 8549 6311 5222 8029 1459 5983
23 19 3411 3026 8669 8480 5685 2613 4288 3157 5172 6558 7021 1830 1585 254 3719 1679 1026 7884 9578 8348 4022 264
23 1188 738 3803 6429 7969 9424 2360 8734 8813 6650 6709 9070 8516 7149 7992 1836 3629 8199 7071 6582 864 486 1061
26 2787 3851 6290 897 903 4045 1161 8708 1997 9469 2657 4226 5355 7429 9043 2257 8421 4242 3481 428 3900 702 609 5296 7088 2718
22 1989 9956 1728 2231 3467 2542 5781 3231 2725 4506 3194 1044 2392 445 2121 8355 5676 4436 4122 767 1560 3870
29 4789 1489 5175 6799 7177 2687 3875 349 5179 7402 4660 586 7641 2058 7571 3836 6682 2145 1496 6983 115 9140 6679 3023 7000 3773 1582 594 7468
22 5424 9166 410 2275 8863 2586 6369 3945 7625 6135 3042 9607 6165 5401 6010 5491 2815 7623 1542 6340 854 5991
23 5739 743 2365 3130 3627 7783 7220 6821 2707 8841 2712 2870 3846 9051 6869 5201 7903 4349 9058 8581 9541 3986 1190
25 7105 6909 6105 2434 5511 9106 6584 9033 6950 8593 102 2994 371 2566 9194 9984 2098 1176 4715 5248 5738 2619 3324 2171 5067
23 2352 7012 1151 4398 9565 5058 2442 2610 9606 612 5409 5414 3076 5500 1613 5622 4779 9883 1132 6699 5147 1433 8670
24 3139 4878 925 1607 9368 3860 3218 9091 9480 6130 7714 7843 8877 4680 2060 5787 2016 6766 7252 8534 1561 5158 3635 7779
28 2863 6524 9733 1952 2614 5477 6215 4216 526 1201 8022 9562 7382 572 8052 5529 3653 6151 346 780 6557 6832 652 5502 9642 589 229 7013
21 2605 2978 745 7810 2262 9263 398 2320 1839 7173 8922 4049 2530 7667 5430 3222 7520 8188 967 5260 1146
24 103 5874 4903 128 9837 3666 274 460 1521 8497 7032 5459 5876 4741 2296 8370 6380 7344 750 497 2782 1936 624 7379
26 5490 8985 2369 5860 3373 1220 5411 8691 1761 114 6885 6434 3290 7156 6612 9879 9367 1541 6134 8082 4635 4228 6114 4438 8929 8192
21 3198 3625 355 7584 8587 6696 9358 9834 1811 3592 6922 5130 2609 3118 744 3205 559 3548 9788 9503 9723
24 4460 7207 6489 1580 386 877 8800 2943 3657 290 202 8040 3005 3084 1869 3012 9885 7560 1085 3119 2110 6630 7153 8330
21 5321 7970 5932 679 1520 1251 8279 5018 6555 2877 8785 3213 654 3117 5481 4942 4029 5151 4735 8885 8878
27 1480 9005 1030 4669 5292 9928 9063 6952 7712 9767 2408 206 3131 7204 184 9000 7500 2756 108 9293 5417 196 8753 6384 1416 9754 8245
30 7447 7281 2884 4248 1063 2829 6878 5814 7441 7795 5438 4187 2238 3961 3151 83 1081 9629 9962 598 2504 3457 6314 3343 5316 4231 6099 4580 6319 8184
25 4484 623 478 3886 8427 8382 7141 7717 3258 215 6666 7439 7958 6206 6468 8265 919 2557 7446 5977 6674 5457 5556 8490 8422
22 245 5647 8015 4454 8951 5233 792 4167 7826 5285 567 1694 3526 7459 3273 6877 8798 6974 7768 3055 5711 7453
23 171 88 6608 9425 3896 436 7525 3505 5740 4477 2903 7902 8032 9945 9555 9062 6035 2790 3166 7934 285 6382 978
22 7133 6519 2010 8045 7529 4718 1820 1139 5710 8057 1304 9170 2154 9677 7700 1537 7467 4261 5330 622 8173 4520
30 4247 1557 6939 3854 7199 4293 7313 9850 8696 7976 4917 838 7172 4702 401 6257 1720 8673 9830 8476 5772 2969 9819 5912 1464 6669 9924 581 6222 3358
21 619 1155 2316 9965 6094 5109 1506 3988 6802 3036 5707 1734 804 6523 8588 2037 4561 1878 5877 6124 2007
34 4665 5205 6992 646 4155 1796 9334 2938 8109 4444 9882 8439 3421 6166 265 9981 6690 8415 5301 7780 4764 8059 451 5157 2767 1325 8595 5913 8345 7194 6349 984 3774 7075
27 8145 2930 6754 858 232 9212 7002 1929 7118 5310 2106 3416 2990 3372 7307 732 9558 2422 113 2916 2740 1359 1866 2642 2954 8722 8000
24 2400 4485 1502 8175 5219 7532 6444 7087 6551 942 3007 2834 190 5120 3307 7942 1765 4539 3441 9639 1474 18 8077 3225
23 8087 1469 343 5849 3617 417 6502 7646 5545 1791 1243 3220 5687 6028 1923 7585 143 441 6228 538 8702 8251 6090
24 3623 2910 1011 1907 9280 178 610 8390 1544 8420 6086 8705 1004 1933 4112 8343 1908 694 3749 2439 1119 9648 6363 7621
28 1293 1372 2770 5798 7531 3153 6532 1980 4827 1696 4885 2427 2227 2871 9228 8242 1640 2254 2788 5258 6561 8004 2599 4877 7275 9563 5437 9504
23 5452 751 9566 1173 6185 9190 1055 6367 3981 785 6268 595 3356 7136 6670 3347 1777 442 9146 1323 8167 8070 1159
23 6943 2837 3420 7888 4888 3024 1731 3276 3412 1967 6263 7225 6625 3264 5132 2982 5237 7705 7588 8471 2677 1610 4325
29 9953 8924 6236 6723 3332 1528 7272 9955 2276 7543 5029 2919 3364 6767 5075 8289 5875 8187 2291 8716 6408 6460 2926 4335 8663 8978 8913 9090 1880
27 1691 6395 4374 6082 7138 3309 8939 7550 3164 2047 7660 2898 95 9650 5358 724 7356 1443 6831 7343 9718 1365 8304 5197 2463 6825 476
26 2646 3933 9710 5766 7920 6103 9595 570 3618 6461 6697 8856 4295 1335 4962 2034 4656 2869 9660 2324 3637 3540 6543 1992 7476 6544
26 4026 7949 5942 8746 6079 4581 4007 5073 7869 9877 2151 2842 2059 6043 3535 7999 5099 6065 6572 7420 8851 2124 2858 8520 6855 3321
24 1725 8128 6915 1168 9438 672 3048 9893 6593 3451 7674 2372 4728 8172 3248 640 1787 9619 4427 2284 5103 524 3430 8047
27 4253 3606 2235 4021 6707 4305 7349 3366 7766 6747 6073 4650 3025 3380 9747 3266 5218 4375 317 8354 9534 7614 6019 9608 457 6647 7108
27 4316 3348 3110 8474 7111 121 9871 2328 5510 9473 9165 9443 6918 3765 5838 9835 4538 2716 6432 5366 6013 3322 3001 2070 5021 3389 1998
24 6743 4794 9188 735 8054 1643 7908 7016 7645 812 4988 5759 5036 5596 8945 9284 3345 1979 2407 9599 1033 1512 8780 6744
22 4575 683 5068 8714 9428 4463 1639 7203 9711 3004 9452 4362 6976 6823 8904 6229 8923 1772 1935 9540 2491 8253
29 1823 4916 1032 8688 8559 3080 6856 731 7161 4501 8443 4874 7834 3575 8592 8129 5081 8992 2583 6684 4449 8235 2209 9843 2548 301 2502 1015 5903
24 2193 5716 7287 6199 3648 2066 9797 9409 1558 1514 9752 8852 9039 5579 9278 8391 322 4364 324 3740 4107 5570 4135 3936
28 4323 2160 5163 3328 9247 2425 2711 8766 618 1988 3602 8907 9440 9223 3621 8050 3888 8333 4637 3303 9445 4929 8325 4355 2132 3926 4361 8578
21 1057 4306 1215 888 2519 9467 7064 5970 8258 150 9053 8536 5897 5 9697 8410 8010 8526 7892 7904 1319
24 8736 8533 4587 1678 4276 6632 8527 6266 5267 9823 4057 9564 98 9863 6354 3528 4071 973 2483 7224 2337 3297 7097 3508
28 3646 5050 7217 136 4307 273 8255 961 5042 7292 4498 7765 573 2511 2727 6175 6419 9544 2503 3865 5761 1432 6873 620 3655 4214 605 8227
25 739 8185 6872 1684 5065 4667 7696 2490 6027 4219 8408 9812 2743 1570 3449 6848 9294 6537 2889 9322 2998 9229 3693 5721 1855
22 1686 4593 4525 87 2180 3971 2897 2564 3465 8193 6925 944 2156 6093 4134 3454 9615 4820 7316 2018 2499 3861
23 6159 6122 9610 3967 4424 3326 5122 7072 9570 5792 9198 3818 987 1569 1138 2498 6512 9175 1755 6327 3778 4419 6039
22 1374 7576 2932 3763 2472 2957 8336 2477 1641 2299 4284 8806 5003 6191 4210 2795 2338 7859 4584 5635 3694 7581
23 7620 5456 5335 5722 4943 3247 7222 1729 4602 4488 3593 4938 9123 348 1005 1253 1764 8447 3682 360 921 1554 835
23 7900 7639 6370 6714 3909 2967 7938 117 8646 2823 3049 3099 5993 3102 3811 1296 4024 4846 1346 7296 2556 7815 1114
28 8511 5473 5112 68 8091 4271 5702 1681 2661 9450 7542 1924 58 9584 50 814 2745 9325 327 4899 4747 8302 7504 5532 1285 2510 3751 5780
23 519 7151 9012 30 7299 7649 9396 5055 2501 7786 4341 5167 752 990 2830 3598 6511 1860 8509 1481 5343 4127 5137
28 9720 1673 2170 5641 3000 4814 2956 9778 2459 2667 1608 3793 9326 6092 7311 6990 811 2814 2485 6464 7626 2850 8294 6325 5471 867 1706 9360
23 1850 6374 5162 2644 5214 2732 7889 3934 5760 2647 9898 8277 3549 8728 9290 4947 4577 6575 5365 1385 9613 288 1178
25 5353 1748 2429 309 2803 1637 7896 8211 8847 4979 4289 1314 7184 8385 5992 8580 1013 4759 6681 2608 8857 7680 7835 8200 3560
24 3878 2398 1589 7185 7592 3045 7395 9729 1309 7179 1981 5035 4328 6727 7114 353 247 2416 6282 3398 6536 6170 8606 9459
32 7616 3517 7301 9774 3316 8591 4670 729 5398 1898 8362 7045 2274 9393 7231 826 1829 7396 8612 7007 8220 7044 5704 4963 9896 3154 1651 2819 8201 5717 3516 1546
31 9032 8644 2391 228 7681 9432 5568 6640 3037 963 2446 9243 2394 9768 3156 6839 4153 2873 3787 8860 5004 3072 9593 1775 4351 1058 7031 788 6644 5914 2887
28 4776 2874 3133 1470 8781 8025 406 9690 9727 7465 5803 3800 1916 8098 4775 5873 6565 5931 8221 4649 5126 8179 8840 9833 7930 4811 768 8967
31 4399 4787 5818 5200 3616 514 1133 4377 7505 8076 5940 5613 6779 6415 2146 611 4312 5817 9993 9683 833 5546 1378 127 1628 7503 7337 1007 6274 1411 9346
22 8655 4497 6975 9796 8884 3486 6277 4726 8751 6357 6866 4623 4540 8475 9935 5053 2202 7757 9533 7753 6965 3086
23 3801 9568 6963 1106 8320 3684 3456 283 6120 3301 8399 7315 4368 4117 5474 9324 5516 772 9267 7878 1177 415 1973
29 2958 7128 145 3706 7188 560 5958 7117 5244 6777 2157 9354 5246 6818 7341 7417 430 516 3501 8191 4208 7918 6516 7164 4366 4379 6850 7113 8088
29 9889 8530 5999 1984 9696 5923 7698 5921 1053 1881 8400 3564 253 2458 4524 3812 5015 2135 7959 2778 2323 5823 4752 7478 43 2630 3530 320 7432
25 8079 9616 5367 8210 8519 9237 2700 7104 2578 3667 6957 2611 2673 9838 4568 8755 7247 916 8870 8056 6104 9687 6845 6692 2528
24 968 7361 6542 6428 3305 6048 4549 282 2584 3488 2979 2440 7828 7403 5247 7847 2507 4339 7960 1536 2128 4965 446 1803
31 5947 3241 7738 7473 2927 7549 7131 4882 5972 9234 642 5558 5028 6770 5006 2786 2397 7695 5651 5957 9335 6294 6023 8271 3158 3502 2923 7037 6200 1269 2053
21 3187 1594 4845 8778 4848 4654 8358 9627 9681 593 9535 2270 1371 8246 3431 8019 5084 7291 2330 3330 8402
21 3962 3054 8548 3966 3838 9638 7027 8165 6531 1406 2230 1646 223 614 6427 6634 2822 5176 7195 6914 3381
23 8066 1917 1912 2636 3550 5752 2484 1742 333 9762 7875 4116 8693 7466 3018 3949 2436 4934 4704 8024 1940 251 3708
23 3652 5727 2506 4883 2807 6040 4201 7294 7570 6637 2295 4621 9516 936 4079 4060 3387 267 8009 2523 6320 2593 3252
22 6491 8799 1587 2864 1256 4336 6954 1693 2271 9688 1414 1308 6775 7426 5563 6840 1781 2283 5124 3758 881 7433
26 1101 3698 779 2906 5276 8899 6528 8783 3386 2622 3450 1612 4096 9709 147 1128 4828 6176 2935 424 259 3014 784 71 137 8994
24 1345 2213 7269 530 1250 802 7777 9342 4111 2638 3892 6343 4053 4302 4671 4040 9960 6046 2894 1051 1633 6884 2698 4868
26 8143 9426 4474 7814 7098 225 3444 562 5614 6189 2533 1245 569 1238 1236 1093 1327 1129 4017 5827 3788 1623 1111 7630 5426 9954
23 7653 9719 670 9963 2831 4218 2097 2279 7240 3797 6897 9413 8586 1020 5733 1715 3735 5298 272 4573 3257 3733 3709
22 1644 6485 4695 2453 9233 9641 9669 9990 2553 5354 3856 1383 2627 5236 2380 8459 9664 9513 2178 1699 5802 7015
25 8683 5283 7208 222 4541 6862 1733 1389 9095 9375 2679 7398 3918 1758 8266 3826 6106 4367 3748 412 6066 7947 3755 6462 7716
21 8991 5625 6108 205 8893 8353 8395 7460 7100 8072 1380 3407 9661 7496 964 6792 4532 134 7182 6548 5480
25 7394 1501 6570 2321 1330 2515 1227 9886 1233 3659 7262 5807 7916 2656 1169 8849 6951 9952 4720 4722 7069 6614 8809 2343 5982
33 6552 8005 3724 3568 993 3459 64 2281 9951 6071 4103 2590 6029 1038 7838 3495 6853 3757 7234 5278 4547 5767 4310 6414 9858 7268 4639 6947 2368 3848 6910 4836 203
24 6181 2520 2560 8470 5586 4171 2838 5305 3895 1600 5778 5701 1317 3551 5630 2353 93 5181 734 7036 3116 2125 2649 5886
27 9265 8324 7567 2603 63 8213 901 6844 966 8638 100 2955 6981 7856 32 7286 2888 5686 1490 9721 5232 8194 4530 7679 7342 0 4011
23 9009 4864 8225 1029 9875 5360 1727 7043 9296 2880 4565 6180 1240 5063 3820 6676 1347 3169 4121 6562 8473 3337 2430
26 7221 6750 3522 1348 544 682 3589 4517 7694 1503 6401 9707 9282 509 1010 4165 7758 9801 7996 5844 6059 4862 5509 8830 8458 9251
27 4596 2035 3658 2950 5879 7321 9241 1911 3893 3807 7781 9202 9323 2243 5796 1790 8829 9670 8293 1987 4207 1199 8237 5294 576 3028 3539
22 1234 8681 7922 6237 7915 1488 2226 5291 8424 9807 7693 1535 3271 6932 1939 3853 5431 2216 8900 9463 6362 8071
29 1465 4408 8560 9195 7022 6871 8897 3370 8310 6888 4225 6308 635 4980 8401 9622 8703 9108 7876 6183 7066 8384 7800 2937 9659 1882 8996 7239 8719
22 2741 8545 5329 7619 7414 3107 6732 8750 566 9940 4356 4009 2017 4416 2333 3280 8331 7989 550 3964 437 5742
36 2600 3401 3894 757 4783 4619 9589 3916 419 740 4684 7689 2784 221 2892 7256 9618 124 197 3329 4118 2013 6305 7491 5436 3283 5665 532 4426 8379 7437 1795 7250 5334 8792 233
27 359 6488 2900 5854 4601 3274 8164 1494 9870 6083 3554 2628 1792 5871 6510 969 1602 4001 9395 2940 2444 8837 8633 579 5732 879 1381
26 8308 6341 8442 7243 4960 801 1261 906 2962 2362 2808 1451 4384 9529 3832 6698 5861 6849 7226 6087 7978 3611 3492 1422 9372 4887
22 3509 5145 6660 413 6613 7086 2798 3531 6683 4158 6312 3935 7494 9057 7340 3728 2690 6241 378 7285 1209 6745
32 1631 1312 1288 1158 3873 6366 3335 1527 7326 3585 2130 937 5915 2388 7963 3285 5768 8889 7145 6807 6604 7456 800 1913 1508 3849 6936 8121 1615 7152 4390 1023
25 6934 4085 7370 3057 4055 3308 5627 3821 2899 9491 7797 887 7642 6447 8259 8021 9421 3395 5293 3679 6662 6680 7924 8244 1817
29 8603 8479 7792 927 3357 9884 3069 3963 857 7611 4555 2357 9926 1951 6937 4641 9442 37 5290 5483 9167 6054 904 6243 4716 212 9804 5295 2541
23 4869 62 6695 9753 9126 4428 4809 2040 9771 2105 3830 7597 1805 645 8295 2329 8359 8374 4808 1229 5828 8815 7061
25 5027 4414 8138 9260 2992 9938 5863 6422 9125 4895 7670 4502 859 4354 5677 555 5005 482 2664 1377 578 2516 5653 7940 389
22 6398 3379 5657 316 4278 4035 5265 8535 9860 4192 2443 1904 5357 4976 5946 8281 5801 6381 7127 1478 5169 9252
21 7882 9742 9118 1955 4708 1762 7095 9439 4020 3782 1241 3802 3063 515 8081 4977 582 5662 14 7528 499
22 900 6691 6715 7636 3944 4263 5797 9174 1531 4710 8314 6201 2327 1028 6342 6566 535 1144 7579 5842 4412 1956
26 3908 5784 3152 616 7569 6841 1601 9136 5194 3584 4711 2164 4859 2972 3711 3043 2475 6269 173 5648 2326 8431 2405 4830 6245 3696
21 7205 3721 5837 8417 8380 8573 2332 9068 5632 4387 9583 8365 1899 3066 6530 4614 8672 539 3090 8239 4528
23 5274 7120 4613 8256 7324 8369 5856 1873 5539 6337 6119 2126 6368 829 8729 6962 6132 2032 8820 2474 2747 7438 1105
33 8521 7063 5720 3479 4296 385 5076 5113 3582 4160 5769 3806 6209 7493 7348 9968 7350 9571 7170 3929 1277 4560 8846 6615 199 8500 7062 5486 5094 1538 5851 8793 2384
24 3262 6210 6808 8908 390 4491 2129 9488 3452 5133 7093 7258 3149 7139 6980 2302 5352 2769 8821 1977 7926 1949 7957 8965
24 7868 6574 7197 2199 1420 280 2558 7770 6746 506 4397 7807 5955 9457 8879 6262 4080 1219 105 4599 2670 9588 6520 2591
23 5037 8733 958 6084 5791 5170 1154 4533 5144 4299 1745 6569 9761 1413 9046 7727 312 2697 5820 7657 7368 7713 6018
26 2304 597 4457 4376 8084 3514 9694 9023 4923 8152 7331 6433 8337 1885 575 5083 1726 6188 2258 9582 5638 6409 9495 4069 3650 8303
23 5434 4784 6270 3197 3361 9271 1050 4194 7987 4616 4145 899 7096 8715 6051 3327 450 902 21 8759 1959 6499 7909
23 4396 754 7967 7035 7469 8363 1076 1410 8988 238 8801 2801 1495 1868 6157 2793 6146 8064 6244 5561 6477 584 6686
26 5984 1509 3124 4297 9988 6776 8855 7049 22 8457 4798 8151 3403 8668 1906 6315 5336 6984 5754 2908 7754 9135 488 8948 4275 4450
26 7431 9096 9036 6437 821 9632 8034 5591 8296 3410 373 2219 7385 7647 3317 422 340 7388 5973 354 7682 1944 9253 688 2359 7284
28 8499 4959 591 9427 1958 7545 8049 5415 7554 7724 3078 3144 5719 2161 5188 972 9227 875 1770 1397 947 5816 6473 2668 7816 3008 2582 773
29 793 3115 7178 1711 2856 1593 3170 4867 9391 6505 5528 8434 3663 7303 6139 9617 2118 9806 1861 9970 1833 2025 3259 1689 33 8481 7703 4523 5226
21 2522 1295 4610 443 2197 1982 201 9441 3599 3642 8094 3476 2334 3651 5517 156 2315 2433 3731 4802 4138
21 8625 6467 3310 7427 2999 8466 7320 7864 4766 9031 1484 7802 7968 6172 1625 1092 1525 4753 8565 6724 6591
25 913 2576 5697 6718 6685 2020 5746 5522 5304 1910 8406 466 69 9749 90 9779 8263 542 1307 9380 4072 1849 8958 8119 9049
28 6334 9222 5060 7602 9496 9059 4674 7890 9300 809 6733 6292 5261 8148 6774 2555 7606 3365 8501 7677 6474 5432 9505 1435 8115 1088 6988 408
24 1197 5951 6500 8446 639 5280 5051 6882 3059 7209 9025 7135 8037 9458 5331 2917 6037 269 1358 7663 6794 7784 807 9377
29 806 6496 480 7442 5421 3436 689 6906 4804 1121 4897 8368 3129 3596 1306 4591 2997 8445 8771 352 5313 7846 4169 1280 3396 5350 636 3161 2736
35 7865 930 2699 9786 1653 5569 671 3458 3842 5974 8833 231 1266 3286 4451 8713 4233 7995 7336 2617 8629 537 4567 6454 1477 9828 3563 3235 456 7634 9295 1035 1356 3272 1399
23 4597 3058 8089 5587 6814 1337 5487 7041 11 8858 8921 8944 664 5541 220 2277 1049 1654 985 8935 1970 8189 6143
22 8543 1827 9407 139 2393 5907 6388 7333 3289 4332 9178 1368 1457 869 8503 5416 4600 6482 73 5776 6470 1785
21 7817 1401 5077 3062 4677 5636 4576 8832 5143 6202 9964 6626 9056 6074 5087 870 141 5809 4819 3278 2751
22 7322 8449 8366 473 5967 5402 3146 5845 4114 6242 8206 8014 9581 5048 2050 2931 7850 54 4340 8156 2735 5968
26 8692 2023 5249 9020 4631 1134 6944 270 8574 234 9554 7870 8157 6107 1504 6721 1499 6929 1568 774 2251 4991 2172 1400 6514 2939
23 7293 8634 1117 5744 1596 3541 2114 8797 2639 9415 2361 5916 3228 9268 3019 4159 1921 207 4931 1326 7599 1442 4317
24 3150 7339 1043 4509 8926 3302 4750 7470 9923 9066 7462 8041 6418 8444 5386 4461 4136 8426 3354 7102 9621 7119 3739 2448
26 6195 5271 5757 8698 5990 192 1223 9866 8660 5041 9340 4034 9640 1500 7544 8154 4686 3835 748 5747 5347 4150 8153 8278 4810 2418
22 6811 3712 4445 6737 5964 4892 761 8537 5748 4311 3600 8322 2234 9587 2792 979 9321 5540 1918 6225 155 1140
24 3610 3872 6033 4459 4738 599 4513 6339 1097 3840 3261 4267 7190 9163 6788 2466 336 2567 8701 1024 4433 9760 3689 7444
34 6196 2396 2635 2252 9931 433 4313 3786 9983 7216 9114 7604 7715 8228 1851 8656 2218 6719 9934 4760 2547 7249 2051 7212 9712 2683 9487 5925 8959 4004 4953 8845 7854 311
24 1179 4553 4970 6002 4334 8305 3108 1482 6741 1609 4389 5107 7358 2915 1877 1749 6389 2765 8508 2645 5412 7125 5997 3341
25 3399 5442 758 276 2606 6623 1505 3172 8252 2585 338 5963 803 4786 3342 6938 4061 1086 291 8298 3844 2902 258 2768 3147
23 7593 4222 3920 5275 3987 2493 512 4508 9262 2206 5601 8288 1990 8011 3434 3736 4973 3363 6465 1854 4936 600 5985
23 9414 7312 8869 1373 5125 2150 3463 1460 342 8768 4164 1264 5928 3640 1837 3612 2123 7842 6618 948 4005 440 9349
26 1614 4014 2169 7406 142 4696 7874 2531 3636 8043 910 1405 8956 414 9279 7624 5537 4640 3898 4990 4089 5174 7962 5284 6547 4948
25 4277 6504 5389 7254 3251 7537 9390 2562 5408 1862 3085 8149 9855 2781 9716 1025 7927 9299 1350 8805 1894 831 1316 9966 9864
28 3369 20 8725 2607 7566 3002 263 3876 214 2072 6392 1257 9701 490 7730 111 1089 7106 4183 860 1239 4712 8158 4788 1978 7767 3312 306
21 3877 7181 2648 2946 4628 5314 9303 1636 6927 6663 8299 6949 7553 498 5661 8576 6994 1252 3829 6495 3367
23 5393 9 9370 2432 3858 9793 2222 9691 9470 3016 2168 2761 106 334 4108 5378 9668 2922 762 680 4100 8373 5444
25 8872 658 9539 7825 2860 8312 983 2349 9411 4146 4907 5446 7359 5965 8795 628 502 6064 4365 3791 2031 1087 884 8718 9483
25 9974 7499 6916 1017 5079 4894 9254 4927 1677 5435 5659 3671 3891 817 176 5312 9791 1156 4972 6563 1709 3433 6076 6913 4471
24 5606 4246 8882 9285 5774 1826 469 865 5440 5410 7354 5038 6728 7690 3754 1954 161 763 2936 2680 3320 5557 7711 7147
22 9626 5783 4091 7944 9851 8556 1752 5750 4193 2225 4937 6279 5001 8432 448 3630 6169 2204 4220 2134 3134 7347
23 9950 2570 6970 4331 546 1832 9900 3121 989 8765 9728 330 6221 7790 2042 708 1564 5819 5373 8902 1180 5394 1018
23 2261 2671 4041 8977 2375 8309 5429 2912 8671 3915 4269 9422 1299 9205 8610 2694 1867 926 4281 7408 962 6365 9550
22 2313 4206 7517 8068 608 3094 8217 9085 1235 3974 9976 6267 116 9129 9448 8218 7911 5465 8906 6484 8028 1027
21 2959 9455 8812 6466 4659 2027 5078 3704 9939 2311 805 1073 315 9336 911 188 4612 9919 825 698 8553
27 8654 5515 7449 8093 2738 9876 6310 4714 922 4036 278 3542 9980 1150 7831 9743 2350 5469 9867 5173 9652 351 4857 3232 4175 2308 492
22 9844 3732 3938 1418 2012 7099 9001 6177 2282 4856 5095 3413 7756 9029 6768 4042 3680 8538 4000 7059 1428 9740
21 3982 5462 9276 9139 6791 4611 2402 9957 5019 9264 2703 4198 8440 3390 6633 5980 8506 2470 4751 9735 7990
24 7821 404 8961 3217 3009 5989 1965 6443 715 2336 9941 8626 8724 4770 120 7038 6142 8657 5484 9497 4950 1439 6150 5332
25 2141 6854 1184 4966 2604 522 9134 7137 8435 3249 7737 6940 6964 7058 1083 2348 5753 3426 5650 7521 3227 5008 3325 4249 1339
24 5212 2341 2103 7257 4188 716 9482 246 9331 4139 9620 4817 7866 9157 3447 5400 4835 303 3570 7836 9845 8326 1736 2581
28 6440 4522 1630 1798 5956 429 3672 9971 4360 6494 6713 8494 2734 7640 1619 2104 8090 8514 5115 1700 9908 994 2527 5830 438 5140 4181 4796
23 6863 2292 6476 6826 1883 8680 200 2385 4921 17 3490 8135 6006 2186 9699 5359 3475 3527 722 4439 6397 9100 4793
26 4046 2963 4902 9027 9309 7617 6652 4860 7812 5315 5824 8176 6156 475 9598 8241 4236 82 6898 3092 8207 1354 5887 4084 3890 2015
26 7907 7750 2920 8979 529 9995 3103 5026 8208 1109 2256 77 5706 2089 949 3375 3466 1962 2401 3125 5737 4333 2173 9548 6665 2112
29 523 5468 2674 554 3799 325 7 131 1072 2158 5673 3352 5605 5046 85 1863 9387 1100 1461 4858 9930 1393 477 3919 1462 9397 4774 6208 4838
21 8160 8784 2947 3847 2421 5755 4891 2220 5100 3644 6883 629 1655 6819 45 706 3006 6501 9184 5898 923
24 8243 6671 5395 8103 8030 1110 152 4132 395 9291 1566 3414 1112 6577 9236 6038 6300 5834 6160 6567 4772 4043 2693 1135
25 8645 1145 6837 8744 6587 331 6568 5182 7656 6815 5220 2975 3678 6258 6174 5208 2739 5496 1479 6198 7555 7707 4500 9999 7936
24 663 4458 4920 9215 1583 9137 3969 7103 9120 7245 4690 4692 6538 9347 3985 9061 2731 4344 5549 7498 5326 4177 4559 3193
21 4987 5102 8905 504 7851 6852 8918 1268 1760 5450 787 1446 8917 9815 9156 2428 5608 5080 78 3864 3291
24 7345 8125 4287 8396 2278 893 9975 5709 8919 4199 7298 3717 3171 3822 271 7046 8083 7488 9547 8086 9836 6293 798 5091
23 3897 6486 1784 1621 7849 2921 8989 5507 4234 6021 341 9665 7722 1181 8909 7668 5380 7672 4078 1808 4925 2147 9824
23 6012 3561 9635 3483 2085 4946 8100 1576 9244 2633 2779 1453 6117 5493 3051 2246 6603 836 4235 4172 940 3580 666
20 4996 9979 2119 3191 3114 9333 1905 6892 7523 8300 8058 1797 9675 6657 2852 633 871 935 8661 7684
27 8960 1974 8169 9311 8796 9088 7306 7702 9811 4059 703 122 4499 2631 5699 999 66 1047 1300 8451 4003 8752 6287 4154 6152 2191 1376
23 9028 9536 5808 9498 3437 7423 1511 7764 1804 3544 8787 4537 7853 1710 3506 4423 3643 4761 2933 5211 4727 9048 1284
30 701 1402 5399 4535 1210 8980 980 2996 244 2077 6919 3033 130 6008 7772 5524 9499 6137 7751 9246 2116 6147 4239 6874 5506 3229 6431 5693 313 1143
24 5488 9196 3462 8811 8502 6522 4418 4270 3106 4098 125 2054 4875 7885 2666 7871 3471 8665 7898 2774 3056 5597 6904 4604
25 154 3713 6126 4922 4879 5843 638 7921 5857 7985 1846 2552 3902 3641 912 3686 1262 2744 5603 9787 3409 5910 6735 8886 2297
35 8834 4837 2833 7818 2554 527 3053 6833 3040 1632 8942 7424 9203 9200 151 6585 4215 9348 733 6786 786 6223 5392 6453 3762 4113 9286 4516 4615 2796 3752 5475 7671 5891 9044
34 9905 8531 4806 8012 520 8804 1497 9261 6001 403 2307 9150 4434 6007 8223 5191 6816 3162 4237 8383 4257 1534 7568 8853 2306 1444 2534 7719 2049 933 1 9609 8397 218
21 5833 5694 1975 9814 8699 9596 8741 998 7033 3723 9713 3113 10 4932 4622 1160 685 7050 5794 1286 5059
22 1932 7404 3645 755 4473 5231 2691 9524 2069 1436 1927 8007 4063 8740 3293 9364 9869 8862 7741 5664 8762 4420
26 3670 890 3950 4566 8361 1635 3545 5458 4790 2771 1332 9684 1616 3789 8876 8460 1606 1526 2849 850 2192 9755 1056 1652 8679 6377
34 3201 4186 8789 7893 8684 1353 2658 5259 119 9510 8594 1125 6358 7914 2325 9429 2314 3064 4873 2143 7748 9041 625 7484 3268 8142 8127 1258 6545 179 1228 6348 5858 7458
29 6271 9969 4129 9472 6317 3958 6316 3569 5741 9383 157 909 8183 2259 2973 1498 9789 2575 5012 3184 8782 9038 9978 3852 8441 5639 799 1427 9927
24 5892 3668 7451 9633 168 266 4010 661 882 1259 2460 4620 5467 6661 8264 2867 9024 3771 604 4432 6694 8430 3091 1208
27 4978 6289 7116 8865 771 4801 372 3710 5273 3780 5464 9169 2450 6330 9329 5631 4529 2165 9700 5745 4967 2809 4358 9232 5250 1040 9925
22 4981 5894 4536 9006 9479 286 895 8973 8478 7186 3750 5971 5756 8108 5618 5282 8825 3323 4952 8998 129 3491
22 2367 8932 9597 6204 5826 3979 5341 9161 3785 2685 7162 2500 5937 5703 707 9179 3537 8292 8940 3620 4572 5649
21 2692 2594 9676 4658 9433 2540 7669 6070 5495 7718 376 7589 6445 2722 8248 6145 1071 9444 5763 6830 1545
20 7937 3555 2714 1237 5104 5671 1853 5544 7288 187 6756 7830 1895 6611 3634 7210 7078 210 5908 5254
26 8455 8874 6097 8794 7213 3639 782 4197 5252 1701 9235 6471 3720 5503 2107 458 7187 1599 3050 2061 8623 8344 9160 3178 6740 7632
21 6227 7443 4834 5142 3489 5101 1993 65 5286 5751 79 9890 242 2995 393 3304 4510 2096 3439 2983 2709
23 6639 2188 4124 7300 8069 8894 1943 420 8177 8816 7273 1872 6081 2855 4645 4176 5166 9739 876 8726 3027 3828 3608
24 1039 177 9605 8268 6047 5216 4578 9101 7583 8092 2634 5865 7769 2236 3813 8233 3632 5736 561 991 6540 9649 2214 9530
28 5165 491 8802 2395 5944 1244 9111 4951 5911 112 832 4721 24 7905 9948 9651 7276 5852 3615 5959 9214 6324 9230 2913 2749 5138 350 1206
39 5209 7509 3912 2090 5195 1019 1896 9086 3270 391 109 956 840 8630 3382 2862 3931 3077 6703 7910 8883 583 2625 1387 1897 2965 3715 9269 1716 6668 7310 5550 1779 7399 4548 4603 3438 3334 8111
24 2853 6011 9417 3208 8737 7266 4594 8861 4178 453 3243 5427 7628 4495 1746 4826 5893 6078 4088 8104 400 6416 3111 4006
20 4998 5156 2517 9780 289 2111 8489 3792 3910 7448 2820 7923 6014 2629 2115 6729 8525 427 2806 5979
22 6933 3581 892 3701 2861 8631 7540 9412 5998 402 4767 6903 5097 2872 9973 7577 647 4768 8995 8006 6322 6583
21 7746 8313 9365 7644 4115 7289 5855 6376 3525 4133 8987 1096 298 3690 2473 4381 1142 2509 3990 7056 4417
23 8823 8327 8647 5617 1141 6643 6024 5986 6442 8636 5022 5123 4997 714 4651 9054 2378 6041 6887 3181 2654 9462 2486
22 6664 5905 1175 8 2200 5453 6534 2843 9319 5447 2120 6752 6535 764 8585 4173 1818 2487 1889 3519 7146 7760
24 9318 9208 1714 7837 6332 94 9695 8186 8280 4652 7840 7201 2347 7386 9050 1231 5690 4025 4672 1524 5152 7658 3515 8730
25 917 7076 9776 2559 5938 6800 7721 7603 834 603 551 2942 1447 2518 2724 1090 5396 481 8947 651 3688 76 209 9880 1778
25 9526 3664 8738 3977 3604 6923 6700 2414 8450 8132 4755 746 2211 465 1315 2194 5945 883 7917 8063 2285 6158 5344 3566 8788
21 6353 7374 3746 7419 1887 3925 5002 5034 8651 6653 3384 8903 3034 6606 1757 2637 4496 9682 6226 3742 9418
34 3418 2841 2563 7594 2267 9224 4039 4816 5413 7541 135 6876 7369 6836 4617 508 615 7552 6192 8285 2574 9361 9922 7079 950 5904 9736 5361 5850 8113 776 7778 8599 4941
25 6439 7495 3175 52 5025 1445 7067 175 2971 5196 3784 1739 1294 2464 1888 7282 9302 3796 4280 6112 6452 8254 4435 7662 7464
22 6055 2366 1595 9773 138 5542 5771 861 9172 7881 3947 2991 2008 6148 9112 6513 756 1983 1660 9784 9986 5578
26 8707 2980 7026 3087 4217 9446 9292 6619 8772 9297 3443 5299 70 9369 8817 6498 4777 3377 7434 4542 7518 8249 2695 6911 5813 8605
32 9075 2245 3761 6123 166 3707 9217 632 2185 5565 8547 8273 8044 6057 1926 6986 6213 9794 5770 7912 9527 5884 8601 9461 4403 7762 2911 3959 4984 362 9750 6321
29 9717 8428 3474 4870 3331 2924 4008 4143 8488 9816 7526 3067 7803 9680 6803 3351 1656 9317 9502 4421 6232 3558 656 9464 323 9943 9686 2944 8727
24 4662 9994 9809 8222 4791 9873 6549 9543 6589 7377 1665 9182 3376 3281 2447 9353 1364 8437 1042 6966 813 3903 7501 1067
26 2904 6998 4919 8709 399 8814 7685 4653 1455 1584 12 319 6771 227 1130 4279 5598 9192 3547 8512 5489 2342 1842 1751 1821 9515
22 577 606 5269 2094 1065 1205 6326 6373 6553 4093 9631 8517 3899 7941 6899 1409 7994 9741 4863 1682 4709 9914
31 5323 5996 8639 3565 9888 3997 2452 8916 8582 6273 662 4102 4190 4765 5043 8898 1361 6646 2875 3553 4308 9098 9191 4406 3159 9092 1590 7436 3685 4470 1000
20 7028 8786 2289 7228 6131 5339 7328 5121 3186 3656 5581 2879 6309 5327 8971 5917 3779 8284 2056 5562
24 8338 3817 9149 8627 2273 123 3192 3546 4077 3601 9013 8583 1937 9656 471 1732 2167 4140 1094 7191 7410 7952 9153 7972
21 2082 1934 7833 2457 5217 7595 3313 5203 7401 8055 1369 1915 9037 4209 7872 1875 4687 5920 4744 3388 7270
26 5901 7608 8575 9942 4627 3383 2317 8350 4504 3930 4229 8966 2195 1167 7794 1661 7230 3595 2492 3790 6895 9895 8561 6725 3809 872
24 6742 2789 5853 1200 1429 1966 2301 5777 3021 6973 8027 3068 6265 9906 9904 4030 5345 2196 9856 1363 6217 8975 2777 4646
24 1120 3823 4633 7964 5841 1031 9859 5057 7485 6931 2079 6451 426 2217 4785 3044 7430 487 9821 4812 6297 3552 8073 1246
21 2918 1003 1597 1338 7848 36 2345 6716 8777 1475 5433 8608 293 3284 6688 9270 7277 8822 2075 4074 2099
28 4847 4327 827 2190 6052 2601 4161 6375 8360 7708 4446 186 6233 1857 878 5583 3237 4989 3970 5420 3941 4162 216 1780 8240 4405 384 7206
21 5619 2544 3493 9187 9531 2941 1080 15 7351 5215 9561 7080 6303 9552 6042 5961 4274 2092 4054 9897 364
22 9406 9667 7637 9008 1638 7445 699 6459 855 1166 4182 3730 5202 8522 9081 2742 2754 2063 7557 3741 5072 6879
26 697 8075 7723 2045 6347 7155 91 4342 6772 5387 3089 3189 1809 5300 5680 467 5933 6787 6178 1515 375 5287 3277 2454 5307 7678
25 4618 2268 5110 9590 5308 4462 3498 2914 941 6205 2708 7785 6673 9592 3783 4409 3766 4141 4608 3209 7200 5811 9138 5164 3824
32 8690 617 4440 3871 2799 4893 2224 6712 2095 7883 7236 7538 2704 6246 1062 1996 5403 3869 7271 8463 8513 8552 5839 7317 4675 6631 3060 165 6399 2166 4065 8890
32 1767 8168 842 4841 5585 7598 3093 2681 9327 5009 5180 2705 6598 8742 260 4993 5406 8381 4156 3587 9841 6959 2948 6098 5551 3199 6576 2263 7330 6607 5934 7362
24 7806 8555 695 1650 5547 2423 3480 2689 5655 3075 7244 7615 8969 9239 6955 9465 4915 607 8803 1225 8891 4475 7373 6527
28 8163 5966 3346 3378 9332 4544 4266 5881 9546 4694 5372 59 219 195 3425 5609 3098 9131 4595 3992 510 5010 6116 8620 194 7068 789 3578
22 9959 1884 9725 8955 1232 7440 5663 691 823 6186 5878 8507 4693 6435 5118 6813 2136 1077 5376 7367 7020 9256
23 4749 6675 7977 1084 4780 6110 4831 6809 4347 5210 6865 2371 9671 9673 9255 2572 2964 2715 4286 952 5134 9569 4818
26 6635 6920 2183 7939 8589 8250 1202 501 1291 534 5419 7215 4359 1920 866 8407 4505 1556 8700 3429 6420 9765 3699 6995 8895 5975
21 204 7638 8454 9477 2229 5105 4294 574 6096 7397 5773 996 4852 9849 6089 6946 5847 6678 2382 8038 8968
22 7253 9437 4265 8486 7527 3839 2340 9434 1485 434 8477 392 2986 9891 4697 284 9273 5020 8342 6173 7844 9359
23 960 7302 824 2280 3319 7841 7998 3562 2905 1683 8579 6979 9946 8615 9576 8505 369 7558 7747 1659 8230 7176 9186
21 1624 4486 7565 775 6969 2465 6624 7743 1946 455 6264 8414 5900 6220 8808 3980 5674 3940 9586 2984 4467
23 7787 7774 1581 7123 653 4781 8465 7180 9572 9093 6153 5987 3142 3174 4556 1788 8529 7019 243 332 9403 1789 4469
25 9069 8346 500 9405 6781 2791 8807 5148 8541 8748 2618 4268 5390 9034 6359 3404 7010 7154 153 2451 9376 3722 3504 6801 4027
25 1647 552 9201 9643 5534 8209 3484 2571 7024 5397 275 974 3165 7676 5030 1078 9105 2514 2100 3017 8949 7150 6259 9509 6517
27 2659 4348 4729 6780 2228 5629 1247 540 1856 1122 7861 5846 5297 2952 6022 1349 1412 6278 2772 9731 1786 9379 6032 7699 8204 1763 6207
23 9378 6924 2595 7278 1395 1360 1603 8496 2535 7629 7009 13 8652 690 1766 9004 6212 2091 880 6256 5505 7280 7025
22 181 1224 9382 5835 7052 4 4713 8827 7304 2001 7017 16 4668 4309 4238 6335 4082 8739 6371 2142 3311 7773
25 5543 7074 5715 626 4706 3579 9080 2848 7982 8613 8116 6260 160 8287 4724 1095 4326 3137 4876 7090 7198 7511 1016 3145 9121
26 7405 9171 9107 8776 7421 3923 2974 4778 2005 6080 5790 5127 7264 6659 6128 6993 2207 1539 1961 8162 6184 6999 8986 6894 9258 5281
26 9685 2390 5800 3097 3306 9492 5177 6295 8198 3349 783 1352 5666 7251 3649 7082 4455 4441 1914 9002 1283 3453 2009 6616 9636 9763
25 9310 4282 9468 1774 7073 1620 7335 7040 8074 8504 9623 8938 2723 6605 9210 140 42 5582 7192 3143 1703 2300 3135 558 8596
26 9328 3520 4742 5735 4227 4800 1669 7486 9918 8706 1006 7618 1171 7605 3132 7263 1189 7202 1297 1390 3300 9082 6306 9471 3246 2669
30 169 2508 5566 5620 2746 3195 6497 797 9420 2041 9766 8518 2113 5765 8983 1801 7260 7175 9662 9481 1198 2373 4911 9159 9180 3496 1431 1113 2977 9702
20 4163 9060 3989 9330 4464 6396 2750 970 2083 8584 9553 7799 1976 435 5652 3594 9381 8356 4320 6912
22 7487 9559 2847 4032 4839 5890 2351 6525 9015 4582 8487 9431 167 3168 2653 8418 6529 9338 329 8061 3265 2346
24 1328 711 5869 6730 6171 8558 7039 7435 503 2014 5445 4886 9852 5193 2686 2827 8658 6503 8335 5161 5198 31 9301 719
21 2505 6708 676 1392 3513 5494 9423 8685 7011 8141 7906 4906 2783 1864 377 9026 7775 2966 507 7536 310
23 7975 8686 5328 5270 1045 6711 2438 9514 8859 9003 5584 9209 7735 8405 8943 7390 9996 9102 1925 588 9528 3030 1922
30 7422 7238 997 4855 6458 3772 8112 7305 4986 9972 3924 8695 8831 4571 6253 8482 3109 2868 4131 9500 700 6506 8790 8747 3393 7706 7189 726 4465 8711
28 3336 44 8317 1048 3691 6857 2205 4016 5607 9272 7857 5318 2532 5981 4527 6967 5872 5342 1629 3837 3071 5190 580 2088 8493 3292 5498 2265
25 8301 6997 939 5795 1523 6216 4521 2117 3747 3798 2456 2033 8133 6077 3234 2078 7697 3079 6901 828 382 3676 4698 5646 2951
27 9551 8267 4130 6764 8712 955 4719 6438 449 6283 1103 602 6407 6379 2845 5288 3405 8020 8195 4157 2127 4762 4992 1513 1713 3061 9287
33 9982 521 1994 1278 7572 3857 6797 2960 4067 8604 4534 1450 4343 1592 5538 2810 7030 3065 8677 6706 3294 7261 5056 2989 9197 7651 3221 1074 6291 3179 5669 9021 4588
34 4634 5422 6030 2719 4519 2817 6469 9730 4703 8118 6739 4264 6693 9902 4908 8318 4357 765 6867 5924 9486 3155 5239 6016 2469 7933 6161 8687 4691 4147 5098 852 9921 7376
21 8124 4689 6069 1476 1334 1311 6413 1448 9630 1957 5896 9575 3074 9435 874 9989 2462 1213 7094 946 9249
29 2588 7805 2189 621 7412 8178 9853 7223 2044 9560 3127 132 9305 2153 6140 3874 885 261 126 6554 6989 8329 191 1806 1663 9585 4068 905 7575
29 5592 4259 4866 8920 4319 8567 7237 9419 4642 6783 9185 1340 2536 5096 3859 1543 3 1793 4974 847 3738 3253 6891 3718 8566 230 6622 549 2573
23 2080 3879 4682 49 248 7308 5560 2753 2239 5729 3082 3039 6847 7591 9040 3122 1891 8720 3952 4507 4636 3216 7655
27 4050 6390 4064 2322 3781 1404 4304 5204 1740 8735 7148 4290 4137 7587 4756 8291 7661 4592 1986 8122 7057 4481 3211 4840 3957 742 7196
23 5303 1271 9573 99 2748 3011 6641 9557 2152 5139 6386 4606 2797 9148 2264 6276 1064 8412 2370 4824 819 7387 873
23 2137 1548 5240 9183 5611 3499 9306 5235 3500 3991 96 5743 6805 7729 844 8774 6580 6412 7643 1102 7971 995 7804
35 2804 8850 848 1507 9646 6546 8577 4044 896 8036 5277 38 9604 6704 7471 6806 9388 3556 8854 7124 5007 6483 8105 6785 7492 2331 2672 8226 3408 7686 2612 8448 9076 6541 5919
21 7332 4638 1375 2800 7701 7455 2539 5362 1948 9176 5016 3245 1702 7051 5306 148 1034 7744 1046 7997 1563
26 357 9133 3314 6655 4545 295 8351 1099 2175 5082 3727 6778 4125 543 5700 571 1466 3204 7533 736 3046 5637 4012 1642 4337 3207
23 9308 1578 5319 2818 383 1890 4394 7132 3318 4019 982 2929 1843 9822 235 511 1759 5536 26 4415 9865 2237 563
28 1370 3834 8763 6361 3339 3190 8515 4487 9416 2891 4223 4260 2174 6636 5074 7953 1407 5880 7801 7725 8659 8953 6720 7235 7733 9848 6129 1344
21 4291 3775 8257 9679 6588 7983 4605 7048 1754 2676 163 1384 3136 9493 7392 1456 1579 257 3703 928 2412
22 2802 7006 4574 7965 3240 627 1549 4033 2233 2093 1618 3344 8964 6571 5831 4551 4705 6251 2026 6298 454 262
23 3841 2068 3461 9538 3574 4743 2455 4821 8760 8523 3177 1440 6391 363 5616 4700 3904 8274 2184 3468 6793 7483 4717
22 5356 5033 423 296 7901 3978 8689 8436 5682 6346 4825 2488 7479 556 146 1931 8666 1645 2857 8892 6907 3362
21 107 9017 7991 9277 2925 5935 8540 9052 5995 3607 5049 2865 5374 3374 6410 6761 7450 3512 4854 81 4483
30 1207 9115 6705 1567 2824 8896 6050 9035 4861 557 2479 1454 2733 9832 1070 9523 7054 6798 4655 3583 2752 5870 8323 4258 8614 7242 1947 3833 7891 5071
24 459 3083 5476 9078 4688 3937 9181 5199 8974 1183 2525 3954 8551 7993 5599 2538 2726 9216 5660 533 493 3868 6480 368
26 853 3003 1876 4372 6982 3511 1458 4930 5085 1540 2764 8120 6049 7631 337 3942 3687 2244 4245 1737 7736 6795 6687 1533 9055 2758
22 1698 6187 1575 1329 2437 3677 5696 1351 6573 8611 1671 2883 9275 7375 1604 5590 7241 9894 6214 643 9817 1529
22 9666 5643 1185 778 5775 4480 2780 3605 8616 3586 6860 5207 4353 1274 2131 8641 8468 4940 7535 3104 1131 6238
32 5128 2065 8196 6996 9371 545 5594 4969 9746 452 5368 9715 27 5448 4512 8096 8067 5867 1999 6109 7391 5230 8485 6058 7732 425 8413 4586 1744 2759 693 3163
25 8234 891 7091 2816 4105 8539 6968 8911 9917 4853 1226 8770 9094 6286 5929 9674 6372 737 2354 4563 9861 9672 5883 9732 174
21 345 1302 2266 4273 5153 2579 6977 7364 2886 4983 5612 6859 5070 7065 1298 1282 5949 6602 1341 8934 641
21 1572 4673 1724 2597 9400 4324 2467 411 3863 9373 1214 7416 3759 5425 6875 5615 8095 9398 5812 5348 4352
35 1834 9207 8261 6328 2482 8621 5927 2521 1136 9936 144 6338 4958 6590 1750 5526 6829 2621 2650 5575 6881 668 2494 3901 4448 8570 5943 217 1969 2551 4204 2561 8297 2981 7613
27 8166 1972 3212 8171 5497 971 3951 1667 8775 6896 6100 1848 8887 5023 1704 4782 846 4957 1487 513 297 7229 3432 684 2710 5604 2660
24 1066 1449 6025 692 9352 236 4425 8642 5906 1272 536 4851 992 2435 2976 7607 3448 2203 198 4648 2684 2882 4373 2177
30 4795 3299 8649 6163 7418 1886 8372 5548 2149 1738 975 407 496 5227 9116 8972 4151 5731 387 7085 4975 8453 5712 339 3973 9831 9084 8035 3507 5573
23 9624 4944 6656 2696 3631 6455 9350 6900 8364 6595 2987 3996 4244 3041 3494 5159 9158 1816 2198 9751 6935 3905 6031
23 2468 7752 7055 172 7166 5525 6136 5504 8429 2221 9218 1783 5428 9987 5633 9745 5268 9567 7789 4913 5589 8982 943
29 2626 6987 3070 6508 7327 1386 9698 1822 4552 3956 5266 6299 3983 2598 2895 2785 5692 8952 6726 5670 2036 8640 8931 5184 601 48 1021 8139 2717
22 4880 4378 5388 6758 1550 7489 709 3572 1909 6336 6478 8723 8311 9266 9010 6945 2907 2004 8215 4191 4629 4329
32 9628 370 7981 2909 4478 3287 781 4075 7407 7819 3984 2 587 1718 9722 9104 9846 5189 9706 4745 8810 6231 1218 2290 5052 2663 5889 5531 7813 5062 3767 1555
30 7159 660 6757 4350 5253 4518 953 6307 8131 9248 1116 8216 1265 2223 4489 5848 3808 7371 3392 907 6985 9772 6456 5624 7956 7742 5762 1186 1670 3729
21 7728 9775 3816 9077 3922 3101 1052 988 8866 929 7709 2968 9389 2426 5840 9901 4657 7788 9726 8568 2866
31 53 9799 8710 4393 8524 8648 5289 1152 9522 4081 7411 6651 6448 6804 6827 8990 2055 9525 3214 644 3242 6539 4472 5688 4142 5952 7023 2376 5141 4052 4070
29 665 6609 6861 7475 1483 8386 4558 6194 6446 1165 281 8042 1658 2776 483 2757 7687 5234 6908 8554 7675 7951 6230 9839 4230 7174 2589 7519 5371
21 9612 3753 5423 7502 3532 3183 7246 1723 9283 2319 5668 8756 8229 8662 9119 5960 5322 5346 6430 7609 7862
21 2242 4189 4632 8842 7160 9281 1424 9508 8275 8247 6958 4221 2011 6481 7457 9542 5017 2495 2549 7329 2212
22 9355 5251 1517 7353 7514 4083 9734 1648 1301 931 7183 9874 6449 673 3013 2811 770 4482 7650 3020 8632 766
26 5449 6162 2688 5672 6219 9511 2062 5675 304 3880 8423 4954 6168 5135 7895 1211 3998 730 6751 3681 1408 3917 3296 3810 8290 5969
30 6026 678 6579 3295 2046 9937 8378 4896 5554 6858 7107 1279 2665 7060 4562 1357 3267 8404 3943 1571 674 1137 9454 2762 1260 6917 4015 6889 2481 4048
23 7548 2616 3477 9724 6784 8328 1800 8970 5472 6218 326 7219 976 2928 5836 8937 5810 9341 8202 5391 2615 249 3614
27 8392 9637 7755 1355 7573 5337 6383 1807 3946 4383 7539 92 5574 2949 5499 9345 8495 8053 8962 4272 5338 1204 7811 6518 8340 4058 8773
22 8676 8664 2022 9654 6472 9485 2335 1217 8181 4099 6851 2087 3394 1313 9961 1747 4345 8936 2876 6645 9011 8306
30 8375 6956 4037 3182 8013 9074 851 2513 4598 3423 3885 7018 149 468 5656 1193 8764 1611 1331 8682 7808 2182 1794 8839 9124 2836 5518 2896 4476 3088
22 650 6810 431 8416 8818 4609 7129 2163 8008 1865 9351 5805 3764 3928 565 1394 5962 849 3805 6333 388 6581
21 9764 3206 6921 3881 8180 5455 8114 5206 1845 9089 915 2148 4395 9909 6782 8653 9147 8828 4844 2678 7122
25 9602 9825 725 2250 104 7961 3112 1434 4086 7409 365 8085 5385 4251 7980 4926 7710 4570 6765 815 2706 8357 7720 6 6960
21 3215 9657 2374 6272 9792 1249 1287 29 7858 8349 2215 7297 8933 7919 717 6822 4468 5470 1430 8946 9019
28 6457 5822 4452 2386 3239 5089 6364 1222 1577 4211 3353 9110 299 1812 3226 224 6846 5508 3883 287 5623 5654 3794 9714 6755 5734 5815 5679
23 8377 279 9887 5866 8033 796 1230 9703 3497 2794 1741 9818 9362 1310 1735 6113 9065 2247 9810 9385 1676 723 3647
25 7578 8212 2878 3913 3038 8347 2632 1104 4661 7171 6835 9892 241 2006 484 75 7512 6886 5559 5749 6155 432 2825 2122 4557
24 3275 8467 4643 2073 2641 9490 6586 1675 6658 1900 1292 7428 51 4120 6318 3714 1930 9998 4401 7142 9071 3371 2851 3288
20 9967 4884 489 4664 5482 5708 9410 6978 2596 6578 3975 252 8624 7143 5520 2000 1342 9238 5626 3705
21 6763 239 9521 4250 5595 9288 6701 5899 7477 1627 8867 5918 9847 9143 2478 1565 2240 97 8276 7267 4736
28 7384 7112 9045 2028 4526 4564 5936 2383 4935 3726 5263 7894 2387 7559 9386 5788 9549 8155 8393 4733 1519 8875 8332 101 7610 5325 3887 7948
22 7454 8675 9242 4097 133 308 2377 2471 5527 5678 4453 4490 57 2587 6617 7673 4431 6239 268 7497 6560 6463
23 8912 4013 6234 7008 3907 981 9155 659 8600 1964 185 753 9374 495 4748 5485 3533 7352 8170 6717 8622 5658 7522
21 3435 4792 6088 4771 7001 3417 1825 9113 8880 5926 9625 2002 1059 7005 3700 8678 9878 494 7899 2021 1874
34 3415 3244 9204 8236 3573 6893 8628 3622 6425 2318 2775 1012 4849 4179 4805 6450 9173 9122 681 3254 954 4392 7574 7946 7372 5571 8017 7042 5634 7233 977 4492 1421 7383
26 6436 8717 9759 4101 547 790 655 3406 3073 525 9518 1162 6620 8572 5492 2651 3955 5885 208 5825 5941 9708 5272 1289 3557 3202
21 8749 9447 9097 8272 397 7945 3965 7290 7943 2381 3359 8150 1041 7318 4924 4148 1486 8767 3256 5864 3760
33 2067 5695 4180 3770 3141 6329 2363 3626 7820 1902 6115 6971 4023 5069 1530 55 2109 381 5564 8769 2255 7791 7691 6285 6378 6953 1320 1722 3503 4773 8231 9109 6610
23 4330 5888 1687 4407 7163 3440 2389 3263 9692 9466 2737 5011 6003 9314 409 6672 6121 6773 4758 7157 592 1009 1194
26 8461 4531 3673 4391 6890 4955 7745 4909 8315 1248 704 3577 8754 3831 9854 1852 6344 1690 5185 2529 8224 4174 5479 7561 5245 6753
27 9320 1692 6556 7824 6748 56 3032 7827 3518 4338 2253 4912 1467 2568 1674 5789 8528 5698 713 8757 1813 2431 9047 8999 5909 2812 8571
26 1950 4203 159 7740 1598 9808 2813 705 9274 2934 5832 3932 9128 2312 7897 3255 718 1871 9117 8270 1492 7510 9737 3298 8433 1192
28 9408 5407 4843 9213 1840 4018 4905 5519 8003 3538 1605 9802 6280 3238 5691 5129 2084 5645 2248 2543 6044 4995 5370 5572 2461 5782 6521 6600
26 5183 7776 9475 3628 8826 9545 3160 374 6423 6193 7829 3697 1717 9911 7338 6948 9064 9394 5088 5024 3360 6596 4152 5168 9601 1776
32 6629 1532 1196 6345 4031 7323 6905 7463 4382 72 4546 472 1510 4933 162 2420 541 6628 7378 2854 9907 2356 7692 1174 6812 1942 5730 816 1551 5000 5821 8546
24 2138 3815 741 1127 1290 1148 9018 2358 3200 7214 9177 2885 3999 4554 9337 3523 8147 5829 4666 1559 9933 8031 379 7346
20 4184 380 164 4928 2577 6559 4322 6759 4092 7749 6323 1415 6281 4872 7563 8016 2379 3173 631 6834
24 6034 7562 3397 9916 3769 9537 1008 9145 4982 302 416 9820 1668 2835 8307 5793 3176 5257 9827 4678 7490 2760 1216 1626
23 1172 1242 945 1743 5451 2293 9591 9777 1815 518 8498 1588 9912 3845 4479 4842 8387 4815 4128 6972 3338 1322 7482
21 6902 6621 461 4985 8643 4961 9958 28 6677 6250 2682 4757 6627 3180 8836 553 9402 4212 4385 4898 4411
23 8997 4170 2399 213 4737 5588 8367 3939 1941 2081 8388 1036 4430 2249 9103 5689 5379 1819 7546 4569 7601 5533 1695
22 2721 3096 8282 8316 347 8203 794 4363 1522 4386 2550 7309 8126 6313 1802 4240 6249 3472 5580 1367 4144 9520
28 3203 5309 7935 5552 5061 8146 8060 2640 6067 6490 4410 1082 9339 1164 439 8542 6356 9298 9991 5640 6118 5724 1473 367 8389 5621 908 5441
20 4087 447 3487 986 4769 5047 1960 5090 2057 3968 7513 4807 9484 7633 2310 686 7014 2406 1721 6252
23 1091 3402 4047 795 1928 7167 747 1945 6649 5224 3660 5349 4202 3662 9556 3219 5383 9899 5178 6062 5764 4255 23
25 1419 9842 7169 2526 5939 8617 1870 934 1901 6710 4213 4579 4413 1382 6421 8694 1396 3167 6350 3210 7053 9257 318 9920 7913
21 3960 4685 1468 9785 9758 8205 4076 9206 5324 4066 965 7265 2602 7101 6125 1697 9456 8334 3669 2269 5553
28 7279 7089 1123 7092 8981 6296 2038 158 5040 1157 9992 4865 4881 5155 9404 1163 6063 9872 5988 4090 40 3906 9501 2844 4494 4205 712 1037
21 9240 5460 300 3976 7648 1708 1124 1281 5577 2624 505 1995 3867 9363 4404 9653 5221 3478 7248 6102 1002
32 4833 2821 9805 9769 8425 2108 9476 8637 4466 6828 6394 9164 4195 4110 9141 3126 5302 7860 9250 3269 1452 1657 4734 8976 5953 9366 5530 6154 9798 5384 8394 7600
21 6288 6149 720 6760 2303 3745 3385 6255 3250 3482 7070 3419 6820 3609 9512 6009 7363 4051 2840 8667 3827
21 8721 9689 2512 4298 4232 5031 5186 843 8078 5054 634 34 7867 9220 2344 6526 8745 1773 8464 6072 9868
22 4647 2832 2839 4095 4149 4028 6261 4443 8161 7979 3927 5106 9154 2763 2364 3469 2524 8411 3737 1847 9451 7325
32 6789 7845 3862 5642 9226 4543 1425 5713 6493 3460 8569 8002 4889 8398 41 7084 8901 3725 5514 7973 6870 2961 5264 6164 1195 564 8065 2144 2546 183 2074 5593
27 2766 5256 463 7839 8462 9783 1841 8159 4422 6667 256 5228 7984 2024 630 344 8472 2728 8137 9594 6402 7130 4442 3624 474 7534 613
22 3674 2643 4200 6642 1437 6731 8602 1730 2713 2048 8409 4683 8214 839 6790 4956 8838 7524 9770 6387 6762 5478
27 7950 8674 1971 3716 5351 5187 6111 2039 8144 2339 1516 1463 9634 3140 7761 9494 845 3804 7879 3953 4626 8843 2003 7319 568 5382 7314
24 1255 3843 7508 6352 5667 4918 914 6000 6404 1985 9079 9384 5862 8286 3524 9460 226 4901 8182 6053 3368 4730 4624 9489
23 5213 6138 6167 2309 5086 2623 1771 5443 675 4402 5381 7880 5092 5117 3333 7452 4850 1423 1303 6301 657 4823 8758
26 1903 6533 118 9016 9168 6507 7580 9932 4437 1068 1574 3695 2232 8550 8915 6722 8927 8260 7165 2413 9756 7380 5171 1118 9985 820
22 8106 1318 8438 9219 5014 1753 5364 4292 6393 4371 5978 3223 7665 7461 3619 1060 1831 5758 6133 5895 9663 4829
29 8544 8597 4185 6182 5535 1403 9947 8134 5523 3010 5567 9022 1366 1276 8130 1147 46 2404 5576 8456 727 6304 951 1991 7295 3138 5954 9519 7809
26 7481 1719 1441 5149 5726 7955 2260 4456 3123 6738 4315 2441 307 3756 8844 3914 1518 6991 1768 1321 9453 189 5683 3850 6060 9693
34 9343 3446 8136 2988 8484 292 9401 8928 1828 1662 9655 6842 6492 358 7886 3035 7652 4002 8123 9312 1799 4369 837 1075 760 9915 3188 6736 6141 7193 8704 8319 6441 4949
34 1491 2210 485 4740 9857 8925 4062 6592 1391 60 5806 9344 8941 193 2294 3340 728 8419 110 1263 4283 3529 84 2537 4746 2826 8557 7954 5340 35 7556 2476 3536 4644
30 1810 841 9881 5013 2208 8871 7474 7389 4346 86 8491 9430 5111 5242 328 886 7928 6351 7759 6487 2496 356 8026 8954 3776 3911 1879 9997 9231 9436
22 2140 5779 5311 9800 3350 4630 3052 7823 4904 1688 4701 6942 9130 1707 3590 9507 3081 8914 9826 4380 1666 2288
21 1968 585 1398 8910 2029 8001 9757 4822 7077 808 5154 7413 8532 6928 5066 2729 4511 7782 4241 2411 9449
33 3196 677 9517 2424 7232 3683 9014 769 4676 7480 3047 4300 7704 4910 9781 8262 1892 649 3100 6385 3224 3185 9189 932 305 3559 2133 8598 9152 9392 2480 9579 7110
23 4038 5902 1953 3424 8376 5262 4104 5243 3543 4256 3029 4754 7047 9645 5785 4968 4224 6880 7986 2893 9313 5950 8824
24 5119 1438 924 637 4999 335 862 7726 5521 810 1324 4126 4370 314 2755 444 9977 669 4314 6769 7988 1893 1562 7506
22 9678 5039 4583 5512 462 294 7887 5333 7004 7734 5714 9067 7274 7731 8097 3445 6550 7688 6127 9862 5317 8563
27 394 4890 4515 8062 479 1547 2187 5600 1069 9704 8174 3355 2655 4797 7126 1493 3768 1472 6235 418 3031 4832 2162 1685 3315 9474 3638
25 6036 4739 1336 9087 1079 667 1305 7357 9813 9142 8930 6838 6240 3236 8018 6864 6331 5786 8483 9647 7259 7659 8819 8950 39
22 8868 6601 4262 517 2064 4994 5804 7590 8051 9221 1622 5501 3015 8492 6085 1814 8339 6248 3889 2155 8048 9803
23 8779 2355 7664 1001 8283 3233 5725 6211 321 6406 5375 6961 5116 3825 5146 3510 8888 957 6817 8107 464 2298 180
29 3391 6179 5948 8984 3734 8219 3576 3995 4318 7873 6479 4400 3884 2701 7283 3819 2828 3588 8590 2019 7472 7530 528 8469 1919 1835 9245 7929 7355
20 7798 5044 3120 7168 2652 1187 6654 2415 9304 1634 6426 5238 1126 6355 4799 3571 9030 8619 6564 240
29 2846 3105 2043 6926 3866 7400 5681 4056 9007 3148 4732 6638 7158 1054 2901 5032 9614 9162 9574 67 3972 6101 5463 3022 6594 3534 6015 7218 2176
25 6360 2086 4094 8607 9316 7974 9073 6275 8963 8562 1471 7586 277 1824 1664 3428 8510 1153 1769 3591 2071 5461 9929 9072 7109
22 3521 7081 749 5418 7140 8117 7211 1203 6411 1212 9259 1149 918 1098 9151 7763 6424 9083 5404 9658 8881 89
