42 2574 6860 1500 3392 6064 5904 9863 286 9927 6803 8019 7859 3748 7338 7743 5947 3550 7552 9925 5848 2701 4799 3459 6791 5009 421 1602 4498 1480 6977 1818 6043 9781 6395 5439 9745 4214 8578 8691 793 5631 9823
35 1988 2779 3426 5926 8545 6341 3033 713 2877 3121 9507 507 5154 7098 5160 6829 4981 900 9803 1976 217 7604 3932 1830 5396 2666 9357 9040 7011 7903 4558 3007 5516 3153 5911
32 7966 7096 6408 6896 8925 2522 9277 5809 9392 4007 2476 6930 71 6302 8544 6384 1338 2592 7610 1365 9671 9700 7211 423 4189 8939 8352 1905 6865 469 2702 6290
27 6002 5132 5187 523 798 3484 6544 4478 2533 2674 6398 5146 809 3566 2066 614 1364 1828 4578 8617 969 7303 4071 287 64 173 4529
24 6448 7112 2415 1270 384 9279 5456 4458 5238 7887 5092 4411 284 637 2482 3768 3924 6636 2505 2989 4229 4828 8140 2366
29 9696 1437 4687 2616 4891 1931 7030 1434 1464 4149 9497 6450 4325 4455 4186 8552 4973 5067 3541 7902 7070 3724 6182 8934 1854 1453 9998 5961 2022
28 7309 9895 2186 874 5258 9063 9600 7457 3894 2865 5270 1543 1403 8163 1798 9215 7668 6331 3203 6835 1023 7691 1209 5997 6907 555 9525 4105
26 6263 8223 8282 2360 6890 9315 2124 1833 5105 2456 5373 5218 2481 9881 697 2725 1716 3672 7629 3818 8219 4058 6815 7835 6526 2139
24 6233 5952 1615 6689 7927 5511 3747 7164 5672 6109 854 3149 2631 1424 859 7522 8509 8548 7444 9675 7103 9819 8308 701
28 6875 6576 2122 7047 4770 4048 3618 693 3025 2739 7991 233 7961 2233 3557 3190 6293 1758 9806 9680 2136 5823 5354 1652 732 5139 2453 1357
27 7258 9274 9738 7848 4093 4380 2782 940 2721 9160 5736 1345 9624 9982 4366 9646 1952 9928 1982 4751 8120 6112 8955 7964 3416 3600 9381
27 567 8832 4425 571 116 7642 3261 4840 5793 3489 8899 3118 7617 344 8488 3003 672 7633 3812 2298 9526 8230 7872 6844 1162 2351 7521
28 7109 9975 1908 4565 8299 9912 7791 3222 5243 7507 5790 5400 8564 7107 2597 6173 8883 5581 6922 2749 4767 651 5389 1458 4106 566 6249 2444
25 9177 3559 3475 923 7174 3551 2866 2058 2152 6054 8197 9589 7845 2920 9530 6044 563 9082 2047 7918 9016 1034 9635 4639 1019
26 3690 1091 9733 6086 7127 8056 6908 9728 9977 7432 9115 9872 8115 9544 9317 4599 2687 475 1280 4874 6947 3000 8765 8148 1961 1003
28 9055 4568 4251 3467 7156 3914 1503 5597 2465 8186 4835 5894 1855 7391 1459 8685 8504 408 1980 3084 4369 4109 8373 7609 941 9561 8426 2930
25 933 2156 2028 5712 6178 1291 438 8357 8233 8034 8650 9941 7381 9232 7059 4443 138 114 9776 2375 7336 8471 6325 9331 1341
35 3193 6101 9985 9147 9509 4743 1897 2797 1935 6970 4506 7831 6543 4024 4552 9917 8478 4563 9692 6033 2180 1989 1847 7904 1125 1675 2102 2016 9840 8959 711 382 8810 811 5896
25 3483 5126 7928 8372 3875 1179 187 8700 5680 6301 253 8658 4000 1161 1107 831 4589 7770 5299 2869 3855 1697 6673 9729 5568
25 4054 9359 2267 8931 8513 7442 15 6615 4486 4306 2466 3479 1815 959 6857 4917 9570 7728 4337 7314 2228 9109 8450 8464 6304
24 5924 8160 5387 7969 1603 8829 8126 122 4252 6644 8768 3860 9218 398 4327 1811 913 2991 7669 7994 4215 1229 4564 1413
25 8580 369 7706 254 9045 6927 3393 4302 4740 1045 5906 1536 4374 2862 7167 6474 140 6913 936 9064 319 6623 7372 211 1216
25 8036 5606 1582 3009 9843 2050 6391 9752 8949 6996 5799 8522 7892 1226 5770 7800 7148 337 177 4240 4574 839 2329 8542 4297
26 6595 7622 2748 3439 1494 2461 6622 4392 5927 5782 5050 1848 9827 6785 6333 4822 2354 9532 7172 2488 816 6405 7032 5488 1639 477
26 9986 4851 7306 9552 2043 8164 215 2875 4055 7720 5156 8597 8907 9586 6083 3667 2755 7537 9355 338 202 5616 4762 6438 852 7490
29 2753 9127 8181 9956 7415 6946 6194 9031 810 4795 5291 2341 7761 7616 1561 2057 7996 2772 5278 7304 5370 1866 9101 1955 5185 1061 9309 8135 516
28 6122 7954 1264 6029 6675 2024 8344 8226 2890 134 4158 326 5003 3614 9111 6667 2685 5826 1520 7544 2791 6431 7328 3005 8872 5778 8878 1902
23 6710 3496 8902 7185 7 5905 9100 5164 3080 6664 5159 9226 5932 9834 8172 6195 641 4155 4653 1428 2771 916 8569
23 7003 5788 301 3939 5986 588 9578 5061 2974 9086 7508 4753 8174 5064 8289 7433 2211 3864 6690 1525 9893 7796 9389
36 5025 2501 9876 6936 3280 1715 4491 3324 6319 1148 1958 7889 2818 4816 5735 4729 5112 7953 9413 6743 4970 1350 5626 4620 1612 3333 3291 8679 4254 5849 616 1356 8307 3378 3951 2216
30 3473 1438 6780 8503 5308 1336 9426 5570 5048 4420 1468 8377 9305 3834 4511 2213 5734 3849 1967 1339 2781 6797 3051 8121 3787 1340 6725 3609 220 8752
40 6060 922 3182 4373 7233 6241 7992 6461 6125 1119 8480 7228 1189 1819 303 8492 32 8915 7016 1260 2433 5681 2504 8326 1784 1495 5510 5316 5951 6116 9068 8179 9050 9774 4612 5240 7885 5754 2883 4566
24 6548 9185 611 9634 6153 3913 6392 6067 2172 1805 4225 2286 6661 2971 2990 4461 8929 1719 9358 4579 3530 1231 7237 1433
25 9407 3984 9885 4276 3071 4842 2963 4895 1026 9511 1728 7847 4172 4036 5636 5794 6070 4202 9262 4482 7734 2395 174 6152 5346
25 8734 5519 9726 2052 5503 7916 9978 8913 9994 4347 9012 6177 5150 5107 931 9857 7255 5789 8778 7061 750 1631 9467 1859 3358
32 9848 9256 590 3342 6219 108 7755 7781 203 6533 179 7846 7453 6566 8819 7101 2727 3713 1113 1279 9044 6658 6466 4181 8602 7620 57 7143 8215 725 3059 8243
24 6524 5830 7469 24 4413 3844 6811 4500 7102 352 3977 4050 4463 6755 5317 6934 2664 4245 6782 3298 7605 8139 8032 5233
23 4219 5913 5598 1659 4180 5769 29 9366 1826 248 6967 1025 2084 8465 441 5779 2073 1326 528 256 6493 6578 9026
30 2076 3006 5693 1411 8475 9666 3292 2830 2188 5520 9960 8909 6328 3917 3011 6041 7725 495 1574 237 2671 3689 5708 312 2252 2170 5329 8563 1899 6256
28 3536 7340 2713 8606 1321 2493 709 7239 6956 8706 4672 3449 5338 7518 4610 7084 7984 8551 8664 574 3858 5295 7581 2579 3701 551 8269 8339
31 1230 8434 3654 3927 9932 9515 1265 3527 3921 431 3098 2372 9337 8616 4875 3299 6742 2944 9737 6143 150 3630 4896 4957 8432 1674 3024 4377 8329 2373 3928
31 4712 7646 5949 5368 704 3619 1305 3499 8686 7493 7758 368 2731 955 9106 9217 101 2704 1518 6416 1297 7509 9754 4146 8555 9450 3968 5052 6812 5578 1718
24 9321 4467 8182 8510 3556 1204 5864 9598 4596 7827 5404 3406 6802 4412 2388 4167 5565 9981 7182 260 1081 4343 730 8901
28 5173 5206 4022 6485 5022 4203 744 8739 9648 9275 7025 1334 7814 6575 2624 4769 7278 9639 4139 5824 1750 8727 410 9118 7361 6110 3507 7750
23 6951 3971 6517 8701 5199 2017 7867 8061 7740 5242 8781 1254 2667 2717 2183 1510 781 8793 8323 3252 9454 4670 3579
30 8678 4766 7746 3162 4857 5609 13 829 1650 4642 7829 9182 482 6352 6737 9860 6018 1712 993 7288 6494 78 6618 9637 7178 3625 3761 6899 3686 6756
24 4416 9001 2960 1317 4472 2049 745 4885 761 3563 985 4039 2281 760 225 7157 7550 364 2101 1538 7566 617 4307 9545
28 5498 5144 8592 2728 9829 8966 7049 7946 7384 9019 9980 8581 2264 2714 1991 4722 6149 9278 7523 6425 1892 1923 6012 7970 9131 5332 1996 6600
32 5471 4169 1569 363 6628 6660 5999 6100 6404 4120 4266 8311 2432 7731 7985 1461 6911 7860 8822 5687 3217 8967 3085 7631 2384 135 6717 6679 3368 6768 8798 4940
34 902 3227 5771 2917 7307 4705 9320 5773 5553 399 70 1232 2557 3502 2792 1623 5019 159 2532 7703 8112 2200 4227 4803 4723 4800 6953 6132 8784 9610 618 42 9300 2891
23 819 8217 875 5065 6729 4043 6199 201 4176 3233 879 2787 1160 3395 4541 2239 6057 997 1767 1027 91 4470 4067
25 7877 749 289 6671 7853 3627 4778 4636 4117 221 1060 7165 416 9636 1814 8677 9178 1156 2757 2431 6254 8835 5415 7151 5379
32 3056 6581 5223 7144 274 7515 9373 3166 5260 6259 9077 6004 5752 8988 9720 5202 6491 8286 3774 3380 4279 487 7965 7247 2528 8590 1188 1485 5869 5783 9452 9193
33 7142 334 299 30 6605 7052 4156 6355 1476 2338 4906 1362 5983 8235 171 7488 9368 4547 3612 5397 6607 6749 2609 1197 4213 7354 3386 7498 7245 3879 7836 7676 8532
25 6562 4691 4087 3564 7838 1551 9431 1227 1725 5035 7695 9911 9092 2833 6706 1114 9205 3993 7595 7878 4261 1865 9187 5045 5676
30 9763 6972 4952 3396 2979 9961 8951 2223 6574 4525 3124 8963 2251 8884 1005 9312 3824 6320 8410 4284 6832 8132 1523 2071 169 1007 7613 6460 1312 4173
23 6771 2363 7948 6306 2108 5490 3903 127 9461 6076 910 9088 4998 7221 7200 6183 180 8327 5382 5575 1691 4393 9642
31 1141 4949 2060 9616 9614 6878 4045 1800 1688 4587 6272 8438 3771 2010 9129 7696 6862 2912 4349 7456 2966 1801 914 393 5610 1884 2273 1293 2801 4094 7938
28 450 6042 3366 2995 9734 6547 1069 5286 1687 7299 4450 706 5357 2646 2649 3067 1949 9824 9464 3606 6467 992 5649 317 9920 4270 6488 2337
29 3305 8661 1170 8325 6322 778 2789 5236 9743 5319 779 7512 1104 7978 5935 9230 691 8365 2551 519 2383 3375 8387 4978 7741 2743 6267 3060 6754
29 7317 193 1925 6793 7541 6242 6704 8598 7921 433 3323 6386 7826 6973 3015 1840 262 5796 6877 6049 4734 5978 4044 2784 9328 9818 4099 6506 4355
24 9113 4281 156 2333 8415 5876 3901 581 5512 5191 5249 9169 3979 6898 989 3277 1558 6958 6625 4423 442 8124 2120 3178
36 5602 525 8111 4378 6723 4417 1921 1987 5333 3660 6463 328 2441 1093 6205 1858 4790 1315 4255 7866 7723 9949 1210 3887 3239 9401 1641 4429 6459 8667 2817 3728 9486 7931 9333 5867
38 722 3605 7519 9710 2744 5115 3969 501 9655 8316 6253 4379 2803 8607 9945 9649 4195 3885 4280 9971 9007 4879 5702 5914 8294 2031 3649 2269 9194 2443 7290 951 7618 2980 8413 818 8363 7056
28 2651 3311 8214 3374 531 6318 4234 2483 3133 642 4267 232 3886 7341 3096 6163 6314 3117 9948 1946 2508 3095 6027 5296 4437 4293 5854 653
34 2231 6766 6584 655 9034 5711 9340 5751 7371 7075 946 8922 1896 1542 777 4903 7295 5962 9272 4331 1015 242 3715 1734 7183 3457 8599 4505 3200 7602 2426 5902 7563 3663
33 8603 7711 5165 8953 7300 1999 8692 8082 1567 5480 2815 7252 3360 4367 9599 765 1903 4435 7091 3908 3437 5127 8761 956 1492 1534 5100 3982 2542 8130 9664 6774 9708
23 9874 1942 5158 3621 6489 2069 130 5846 9342 4434 573 6582 1698 7463 3404 3021 570 639 6296 7675 160 1436 2245
34 8620 6255 7409 4951 95 490 7638 8523 5353 3759 5976 4361 8609 3523 3506 3063 1219 5326 5768 1693 5588 2048 822 2015 8636 7325 4499 7732 4660 5882 1217 3246 4145 6948
27 2923 2475 9731 8493 2412 9443 9942 9271 4187 5938 304 1572 4124 5347 3332 4983 5342 8638 8714 5117 7081 2987 970 8577 8462 9519 6409
28 3974 327 561 5239 9822 7286 789 7594 710 904 6570 9866 6374 5345 9388 2643 9661 4456 9032 1456 630 4285 6806 3647 8573 8859 8720 7064
39 5875 8705 1541 1690 9533 8290 8898 7293 2804 2258 9159 3920 1861 1804 5227 4006 2655 9707 877 9436 4865 7219 9793 7250 4668 6204 8400 4892 5764 3445 5497 2509 4052 1447 3696 1344 7779 4383 7359
27 1322 4387 5443 973 7497 9788 7716 4220 2445 5886 2460 8473 753 9816 4199 9346 1266 2554 9547 5482 6938 1018 1901 9603 3275 2195 8095
25 9481 7484 9000 1658 372 8721 145 3139 715 7639 3389 3415 5916 4150 4381 6496 5331 2589 5670 6436 8335 395 2824 8816 4776
29 6117 520 4136 9596 3492 5664 5409 5466 4294 4069 8801 9825 8881 2468 9855 4406 5930 1095 7608 1763 9067 7863 1042 8565 1396 5116 6032 3655 3508
29 9658 3942 8849 2303 8374 4072 9538 8944 9574 5493 6121 8448 1363 807 6268 5213 7410 4844 4122 5148 1592 8855 3866 1563 5701 2780 2087 8232 8833
32 3632 9316 3543 3978 7446 7062 9039 5339 9290 2580 5473 8647 4824 4728 825 524 4073 8207 2530 9934 3114 8702 2627 3835 6781 6855 686 7005 7379 7634 9081 9225
25 2104 7281 9477 2914 735 7269 5717 5968 1239 2567 9091 3325 190 8085 2723 5434 5494 4143 7285 9723 3316 8918 2623 7607 4083
22 5760 1630 199 9716 623 1373 4476 90 5458 3367 1706 2700 7557 1645 4126 6906 766 2116 7783 7437 3851 3004
23 7920 1768 1337 1196 7792 1289 6880 5526 8077 3899 9859 2955 3626 1171 9299 8039 7026 820 3422 80 58 6916 692
31 329 9725 7925 9017 3955 2350 7197 3314 8992 1325 5600 5406 9243 4138 1496 871 558 2909 2448 3232 1745 7713 6979 1427 7559 4992 9179 7319 8845 8642 347
25 9890 9093 858 9730 7020 9618 1057 6128 2614 4328 6196 499 7195 7222 5622 6396 2660 4961 7017 7937 8690 5031 8792 2502 8825
33 2340 2940 1385 635 5814 4870 2568 1876 5302 9478 7383 4592 6451 4916 9209 2317 4989 7043 5726 7641 5161 56 7080 7643 8195 6220 6011 2129 7950 9251 9335 832 7065
33 1771 8893 3501 4912 1862 6849 2274 1941 7832 4873 5840 21 4655 9097 6994 9800 5847 695 7546 6613 3255 7454 5569 8956 9490 9037 8546 2972 2751 2034 5872 4820 315
27 8694 6868 9517 3039 7085 8827 7092 9375 3423 7730 6274 5336 7385 929 3740 2970 848 6119 1203 5046 9149 2543 780 6708 9028 6796 8380
26 1257 3650 7235 5416 1559 406 1234 9058 8797 8641 3350 1263 3062 2486 1053 5315 7821 1236 5518 2758 1262 3727 7865 4520 6211 1073
33 1721 3016 6113 5552 4084 6740 554 681 4364 1856 8994 6824 2268 4988 9090 9742 7375 2162 1094 6010 6025 8811 1271 3319 8 8837 2934 330 9967 7897 2151 8906 2182
28 3037 9349 6836 4557 1167 5123 6222 1794 8862 4630 1979 2365 2086 8796 8427 7131 1130 4690 4858 3892 2645 6990 1699 8035 1730 7517 4442 4694
25 4709 2644 3225 9835 7506 7939 2356 3013 3498 1837 9046 4204 3258 7316 6649 6787 2148 6507 5402 3741 5203 5134 7403 3911 2634
25 186 1618 8399 1835 6107 6411 7635 9228 4947 9376 9651 1417 1278 4524 4996 3788 5747 1121 578 89 8267 6473 3948 8458 2953
27 8645 9802 5908 2204 9153 2903 5661 7686 8594 6090 1220 7262 3148 5364 3745 1653 1880 606 192 3425 5774 3066 8193 7976 1103 7553 123
29 3784 2399 612 4063 7445 8285 2163 9606 2722 8759 4188 1163 1313 478 5707 8946 2440 1213 8416 892 2867 5101 9631 4656 7439 6126 8456 636 7568
34 8808 9814 1399 1272 1108 2294 212 2724 8345 8751 3915 3780 980 705 9240 6949 802 8064 1732 1343 990 255 9564 675 2353 5040 5555 5819 657 4716 1736 827 2417 5685
23 1916 7122 4047 1419 9777 792 3201 8291 5300 4827 4864 3867 3273 1502 3594 615 958 6270 7998 6750 8624 8791 6490
29 4613 4704 5703 1195 9868 4649 7578 6940 6839 2754 9473 6084 4496 9213 1986 7875 3188 2494 4953 3208 230 6059 3958 2455 8249 1606 3070 8965 6976
24 8401 3902 1414 5699 1975 6294 3281 5133 6983 2827 5464 8386 3399 3505 9988 5666 1786 9503 9721 5184 6305 5386 4533 7910
27 6677 4357 8508 5129 8097 2491 938 9617 4518 2793 5334 3793 7400 2142 1915 2418 401 3403 7346 459 733 2540 4724 9161 2292 7100 5232
36 8612 3219 2272 5785 1635 4521 8539 3202 2001 3659 8375 3522 280 5873 3631 1186 1455 2547 2888 6685 6340 3109 3646 1616 1713 4046 2314 3874 6499 9929 3753 5078 3334 87 5072 4815
23 4066 9404 2736 8699 5141 3884 3670 3521 5596 9163 5425 3228 2140 9195 310 4710 522 3470 2313 6252 1435 6310 420
23 7850 4350 4805 7099 9107 7745 770 1513 1647 8886 3094 8001 532 2525 8766 2275 3751 1153 2454 8782 4537 1102 9025
33 8716 7261 8498 1516 3957 2761 9879 366 9128 7420 9842 926 4078 7378 4360 9002 1068 509 5686 8935 4107 8017 8919 6412 8860 4104 9939 4241 796 7397 687 9229 281
48 9281 5853 2175 4715 1208 4869 1132 2829 5113 9460 9476 9059 2107 7547 4825 5663 3941 3995 7418 7289 646 6217 794 3212 5212 5343 3997 4040 6894 6367 8092 6686 285 866 8696 471 1537 2981 7721 2221 2479 2886 5264 151 6098 1250 4819 9841
28 8625 6984 3450 38 5608 6056 3776 4028 6385 1956 8066 1410 7404 7823 7040 4299 1936 3644 4919 7467 4335 7257 4010 2074 600 2766 356 5359
27 795 7365 4813 1973 7461 9137 5183 898 2091 3925 5879 1205 8639 12 7748 9758 2240 496 4963 6580 5093 8322 162 5506 110 1841 3173
26 6483 4619 9714 137 2573 4394 5642 721 2669 1483 2901 1962 414 1761 1117 6804 8338 3346 1666 3842 2153 8735 608 3624 2975 5002
27 7396 7198 9123 1512 3529 208 3079 63 185 6627 1760 2214 8483 4742 918 4319 4535 9124 6343 492 4862 7709 79 5861 7656 9102 7363
26 3282 5060 1773 8240 4448 9889 9809 1332 9592 9732 8711 6596 6258 2419 5991 6214 4595 7487 6288 9521 2246 4550 9493 9071 736 2135
30 8495 6521 1489 5850 3163 1657 8292 3929 5673 9154 8359 5445 6286 8154 3455 4198 4459 6232 3288 1571 6876 4008 1507 6833 3128 9962 3394 4334 4323 3671
34 2324 6200 4901 7073 2457 5472 8076 7932 7387 7186 3830 8468 6096 5937 4372 5835 8422 1394 9581 308 1445 7718 9741 6360 8688 2798 9886 5077 2161 6770 5428 4616 9513 6080
23 105 2436 1586 9121 8964 1783 6568 9380 1178 4130 5244 9416 1142 5746 5953 6198 8265 4207 7192 862 6903 6492 6190
40 6599 1090 9665 7138 9957 4719 268 2620 5138 4725 2097 9496 3185 6820 8747 4501 6201 9470 8306 6767 4939 3223 4014 817 3676 9427 6192 4049 4673 2813 607 1726 7532 231 5729 5950 9324 7153 4020 3853
32 7189 7377 3859 5504 962 275 4291 1646 1200 2880 2427 4784 146 1367 1013 950 4648 8611 999 8753 7856 4333 9391 9479 7714 8049 3916 2712 4112 8310 8804 8729
26 8442 6440 6082 1422 2262 246 2032 9453 484 3898 5684 6681 7593 7712 4484 7111 6561 5181 7244 4031 8038 3573 7816 2942 5426 9236
25 8229 2497 9973 1426 4119 2511 8634 271 8958 527 8823 5137 1857 9287 7135 3565 5698 6235 8529 2492 3287 1909 4340 9760 2524
25 2310 1644 1118 4918 391 9143 9285 3767 1109 325 4688 8608 3418 7048 9414 4051 3539 9590 405 1375 2711 9004 9423 7648 1215
25 316 8891 8005 5893 4235 863 99 7037 8737 3158 9563 652 6920 3092 3038 9399 1660 6170 4142 359 2352 8152 7917 791 8982
27 8531 7254 8774 4310 8730 8301 4290 2732 1906 6928 1820 9117 8435 2726 9560 6 8028 5047 9894 2055 7570 7751 1585 2907 901 3909 5280
29 4539 8439 3589 1346 7318 4964 4303 3666 6655 8742 11 1444 7012 7294 2636 9689 3990 4877 9909 418 5704 8936 5219 3279 9659 9769 2449 7591 7364
26 3260 625 8875 9433 236 3211 9524 8979 755 2308 7652 7352 417 6978 9577 9255 3998 577 8632 4662 3610 7329 6909 7380 689 4222
29 6262 4061 8553 6047 1722 932 9238 2612 1457 1947 2591 2336 2896 3244 2745 1825 6682 5539 6512 6052 7753 5965 6659 46 4643 5053 1877 5250 1661
23 1939 5089 4076 5574 4398 4749 6960 7146 6430 7849 6713 1522 4583 2207 9435 3008 290 2068 9724 4365 7739 5577 5651
32 6297 707 828 5706 6647 1246 9820 6480 1255 3306 6165 1088 6103 8800 400 9210 8271 654 6985 4114 3752 6078 4527 4121 6734 2039 502 4628 7055 9103 1352 4226
25 6321 8057 5697 8058 9223 8743 2625 5898 8582 126 5273 6788 7589 5450 9779 5842 7679 1228 6365 6954 9640 8234 2217 3253 3397
22 283 39 8680 5034 813 3578 853 5728 9964 3980 3032 3348 4706 1432 292 1390 439 8068 9250 5640 9674 4287
30 8205 9585 6731 9207 1043 2128 3937 3165 4905 435 7494 5455 7008 3113 9042 9773 3054 5844 1211 2077 5805 6175 3351 3105 3777 3180 8868 6719 380 758
25 7690 9074 2038 5739 690 4415 3131 909 409 4436 6816 7572 2405 6925 4798 9667 2936 270 5817 5781 8459 5245 6279 6525 466
26 4085 8210 6854 3571 7413 3636 9836 412 9782 4969 7933 2759 8785 5591 7282 8894 7511 9907 5660 4342 9354 219 6648 1327 7191 6159
38 5942 1681 8985 2555 5033 5992 4263 9146 2637 3537 8683 6311 6475 9292 7389 4839 5915 4674 345 4509 8758 2306 4676 5579 8315 6348 7556 8283 2593 9755 1143 6810 1268 5955 1948 6415 7788 5618
32 4517 8756 2939 6434 7465 1491 1685 5157 8023 3214 3490 506 6888 2834 2617 3799 2081 5279 3555 5654 8047 9130 8253 9878 4531 2681 9440 3877 9568 4516 8900 7046
35 7890 2596 5269 7624 6124 7036 6926 8972 1092 3629 4868 9534 4432 7275 2735 9120 5801 4754 5318 7212 430 413 4151 4994 5310 5515 4247 6683 5125 5214 4924 5652 3983 6971 3155
24 9604 4488 8719 8127 9546 7951 8391 2921 2297 5804 9125 9211 72 3840 8045 1011 342 1640 1439 4433 3861 9595 9108 4647
34 1937 6243 6282 6579 4987 3087 1528 1954 109 3533 3757 2322 5395 7337 1717 8168 9469 5903 7658 6502 582 4237 5362 7027 9116 9516 7155 7050 673 3592 2737 20 1779 2096
23 8489 1366 1519 8670 4846 1686 2004 3069 7242 4256 9224 6801 5435 3829 3068 3863 8477 1972 6852 5085 1134 9550 8500
35 8389 2800 6417 9676 4522 5413 4966 1864 3679 6028 5923 9500 8499 9846 2659 9294 6966 5423 9963 8644 591 5517 7395 7215 8261 4573 4041 9999 298 7188 4727 8156 4137 8840 3430
31 1082 1131 1546 5355 3240 5523 7474 7584 4396 216 8724 2042 2695 7428 5690 7922 8971 3382 6549 8857 5542 4196 7909 257 9645 8087 2018 7530 3525 1154 7888
30 4823 6514 9080 4826 2179 2698 7561 1319 8293 8351 775 4843 4809 7044 6739 2693 1870 1775 9892 1087 3326 7482 8393 5662 7021 434 272 5478 1032 6338
33 4514 9216 6023 8011 6326 4893 8272 7265 4576 3831 3019 2767 1593 5351 7448 241 2098 5617 7535 7302 4967 7765 5005 9566 9239 903 8614 7567 1776 2396 6968 7417 3347
22 5177 3487 9480 6388 5802 6747 5671 7782 4089 6893 5625 51 6281 189 1135 2222 1742 5306 5350 5500 6691 9656
39 1545 8141 784 222 9110 5109 8656 4228 2307 4330 2092 267 906 7733 5224 3339 1627 5543 7707 6620 7549 3308 5381 7645 5088 4034 4110 7699 7121 8256 8149 2814 6905 6312 5487 9669 4133 8225 1624
25 9812 9367 5401 9402 166 4030 1851 8600 2856 6914 4702 9319 2820 1940 5469 1014 1133 7592 75 7108 8762 4508 3152 9898 6751
24 4959 6007 4985 2899 2905 8103 8494 8942 9363 9192 596 1974 2768 1576 7150 335 3658 8788 4962 2632 8709 2916 6957 3171
24 3064 1710 3312 5237 8486 9722 9066 1959 1416 6626 4449 3699 2873 2977 5491 324 2994 8496 200 8287 4675 3055 6145 422
23 3073 9405 1361 949 4259 8016 2563 3613 988 8262 998 930 8029 5620 2775 2389 6631 5070 7060 9792 7440 676 3750
24 45 2226 1041 5901 6955 4495 7431 8314 5557 7987 4920 7873 5633 3313 9122 7673 546 5688 1354 4090 5813 9772 9318 6123
23 4737 3230 5030 6452 9801 7273 278 644 2544 322 844 6864 311 8369 3869 3870 8968 7279 9455 1764 8973 8910 604
35 1720 5056 2750 3411 4286 6292 9815 9253 9145 353 6895 6209 6818 3778 3617 2577 1509 6457 3469 8245 3562 6445 9301 6228 7536 1938 9539 2565 7585 5314 6144 8206 2984 1887 6619
34 3250 8343 1446 2357 5890 1443 6700 8912 3465 9613 5062 9330 4129 601 5265 6118 4062 1671 4768 4876 4400 7500 9248 5718 3591 8048 665 9072 3590 7000 2697 8805 8075 6471
39 5675 5656 4661 5647 8453 4390 5267 3432 557 4993 139 6406 7907 1486 9463 3349 1145 8239 4789 7810 9622 8535 1288 3265 2553 1258 656 5549 5340 8009 3046 6826 6026 4814 2210 8030 1702 6378 5513
28 9797 4231 8114 7429 7793 4418 9096 8278 7655 5484 2203 4797 1737 5925 8487 7369 2005 3101 1679 6264 9719 2013 153 1696 6432 9627 4968 7310
25 1323 4801 8850 7220 7079 1165 3510 3857 458 7619 1544 3176 977 456 6828 129 3883 8340 8276 4386 2059 4012 1101 743 4075
25 3440 4995 5548 8556 4096 5863 6419 1038 4792 4680 1275 847 4530 7657 8050 8303 2887 2407 6986 5073 9484 3933 1648 3544 5221
35 4543 3720 8118 1738 8710 2639 9576 8926 3248 3736 3731 3376 2464 350 9492 3236 5186 4817 1233 8159 3755 9498 4128 3271 1911 597 5888 5722 5301 5843 1570 2576 4697 4487 1046
25 7405 5857 2665 3302 8221 320 783 3174 1412 8018 9261 5309 411 6845 252 666 5215 3448 5057 5573 2011 5674 4956 5678 9462
25 1008 5015 7447 2601 9022 3391 8031 8824 6077 5312 4629 1348 7660 3340 1294 9611 6140 1762 7388 5422 1874 465 7223 947 8626
31 3638 1235 1004 6424 4923 7640 8621 9522 2224 8559 3526 7326 3295 7764 7311 8002 2812 2089 6345 1785 6150 887 4591 3905 548 8813 3123 748 7450 1629 1875
22 8150 9439 2879 7430 8169 9930 9808 2003 7934 9446 2413 3074 2967 76 6904 8321 3243 115 8341 6504 2520 6509
22 120 7284 8384 5391 3226 5330 7719 2434 1643 1277 1945 905 4831 6359 9138 4444 6394 5393 8596 9937 2498 6046
29 8354 5407 5501 37 3756 1637 2146 489 6376 4239 881 5994 3390 9079 1922 1844 9246 9569 1099 8665 2487 8524 1086 9189 4042 8722 7234 739 4785
26 937 1723 4836 2823 2840 7351 9647 2094 5940 7382 165 1550 4635 4534 3192 5290 9208 33 5042 5860 3810 7894 1006 266 2442 7804
29 9784 2851 4060 5348 1284 277 3221 1368 1110 1524 9410 2125 8528 7113 7449 6738 8802 7158 4274 1314 3371 6240 3856 1739 2009 9989 6377 3509 4453
22 4600 1044 9114 1787 373 3181 6303 9543 4845 6387 8067 6142 9523 2201 5297 718 1729 9935 8054 5365 7560 7368
39 5525 7587 3804 1757 1932 6111 348 2918 7857 3950 8012 8587 9119 1452 8517 279 3150 1968 6813 7423 2330 8319 3770 8025 6720 3132 6179 3707 3934 3959 2696 5929 9605 4190 9166 258 9572 610 3045
25 7087 4165 3567 9105 2799 865 429 8970 6590 2141 6383 8846 9694 957 2312 9212 9171 389 7526 1886 9286 5463 6542 7790 547
31 7874 9657 2678 7771 5792 8585 4915 6449 9020 1588 4910 4100 4717 9854 2435 8669 8920 8676 2604 2452 4888 1920 7120 440 6021 7717 5438 9871 3130 9190 5436
36 3832 1769 3719 7126 9041 3093 4257 3266 7529 6850 191 6332 2215 1662 1607 2861 9073 8866 3854 1765 3972 6614 2692 1318 4004 7637 723 8787 3197 3364 2716 8649 9506 2263 8100 568
31 5958 9027 4209 6692 6498 4807 3803 7082 6317 9771 6390 3264 1222 4197 6134 742 4532 5668 7555 4019 773 8512 5499 1063 8091 535 8122 6696 7923 1614 9891
26 1184 2259 8161 3604 9415 1281 6382 5083 2478 8527 1597 2945 8713 2402 3742 894 5104 5921 7949 3714 911 7140 8933 41 2549 7621
26 2035 4960 8472 9757 1307 5791 7357 132 4796 2513 5787 7458 7406 5041 6371 584 1475 2807 8246 3296 8633 5257 321 4414 756 6215
23 6469 8328 9475 2881 5974 1971 6563 8408 4546 6666 8874 5193 7769 835 9652 9494 3991 3429 9601 7963 8204 4732 5298
43 7603 8074 5454 1168 2400 3733 7426 6759 8419 4791 9997 2237 2633 3497 3125 2919 1065 2708 7161 3739 485 7018 6709 8515 3643 5538 4561 8452 734 4898 4113 647 7531 9202 1817 16 4763 5632 7260 2641 768 5282 213
26 2398 2584 3408 5106 533 142 5891 1193 9747 2976 2924 6335 2100 5000 8347 9502 4936 8260 1470 7542 6800 700 3503 7692 5058 8178
26 7908 4462 8133 1242 3106 8657 7983 8695 9364 1055 5349 3760 1655 2811 6604 6349 4175 8300 6273 3545 5013 3184 8252 3315 8755 1566
33 2872 4162 4808 8367 4250 1782 4666 9087 5624 8158 7915 9687 6265 2962 8826 1106 4559 2561 2993 1172 8777 2552 7940 1404 5551 1244 4756 5071 4356 9735 9954 553 8643
29 4925 86 9005 9023 8671 3966 1568 961 7586 8754 1002 474 6874 44 8732 119 3865 6347 4584 8467 9565 3065 3923 9979 7601 9379 9302 1408 3320
25 2839 5665 891 8957 9739 7356 3695 6203 5163 1191 6308 5970 6763 688 5026 6519 8888 5371 9864 6772 7023 7882 8896 7708 2992
23 7975 1684 6752 61 4721 5545 4937 6040 5461 6197 4510 9947 447 6718 1609 1535 3960 6663 5356 4407 5605 6106 1575
30 6929 5086 3144 48 703 5584 5887 1147 7684 7787 3517 5410 4403 4708 9609 9959 5268 8954 6684 3987 4025 2118 8284 7301 7583 5862 3882 6573 3164 5531
25 4601 1683 1610 9668 7767 702 5743 2458 671 6193 103 7291 1891 480 6945 7089 4056 8015 8254 5335 3802 66 6433 1402 9940
25 4758 8192 880 8852 7959 7871 7206 6634 293 1934 9727 6266 2583 5607 3702 5971 5945 7930 4897 3815 3167 3210 235 6912 6932
27 6856 7729 2168 8280 8818 7147 4554 1039 9451 26 9369 296 6538 4163 3828 5537 3235 4542 4157 8518 84 8404 2169 4907 3837 6213 1397
25 6959 1 3438 4760 3976 2932 8537 6536 375 3183 3532 4979 4424 3965 3744 6373 1992 1138 6155 9466 7251 7869 1380 7331 7682
31 6656 6795 620 1882 3616 144 6693 9685 9033 8248 1997 9717 6164 3703 4289 6505 4772 3044 6711 2380 529 4617 5208 1329 5582 1772 800 1705 3548 6765 974
23 8978 5440 2948 4731 1752 6981 8277 9916 3205 1608 3513 5151 3681 6261 7775 2835 3785 4301 5392 1549 1292 1680 4446
29 425 7088 3531 9075 5593 403 8123 4528 5175 3595 6518 6891 7297 6423 9845 4664 9817 7083 346 9623 3097 7214 5776 8059 9176 7895 6998 1098 5629
29 2093 8324 8867 1824 1548 1587 4468 586 9348 4700 4068 3726 1755 8470 2425 2911 8003 935 1900 3461 9085 3973 2915 6583 6669 5021 1478 8653 9018
24 1667 4726 14 4002 9360 7736 5446 2404 3826 8175 3601 3935 3786 5810 2499 4984 5973 1665 1490 9791 5135 716 1802 5815
28 9870 1501 1707 7698 2345 8051 4986 1472 981 4178 4829 9944 8125 6036 6707 8843 2026 7988 1881 9186 6503 1540 1243 5870 8908 2355 9877 5016
29 6399 2159 9048 9065 8069 934 8533 2095 3040 1890 7483 4160 8199 9805 4494 3805 9199 2477 9172 7822 670 9468 8514 5307 7479 7492 7366 7168 3089
33 1379 2473 1076 939 1371 1791 4580 572 9288 6588 5546 995 5859 5502 2715 539 592 2196 1481 7851 9052 349 6827 8828 9505 97 305 2556 1636 2564 7267 1342 1181
27 8623 9191 9770 8431 7577 4755 5765 6716 8812 1381 2344 3936 6991 2843 1704 259 1286 7806 845 1328 8861 7819 4185 4638 5259 6657 4410
25 3048 7818 8911 857 4445 6594 367 1124 1993 8780 1836 6695 6477 4265 8364 7794 1676 141 7582 4569 198 759 9748 1978 5292
24 2943 1269 4658 4779 5074 5044 7898 6962 1287 1353 7941 2652 6721 7997 294 6238 8014 7086 5014 9006 8574 7777 3002 4908
27 4082 1031 864 8358 9420 4761 5226 5427 1894 7407 3321 2958 8184 462 8348 3027 4841 2954 8586 2054 843 1930 7390 3057 4943 6606 6975
28 4513 6762 5234 3540 9746 7480 2999 6075 952 6746 1748 8731 7843 4216 3620 7323 544 9542 5162 6910 7756 6464 2331 1465 3493 7045 3122 8728
24 1879 7516 7993 3462 6841 8382 6724 4295 824 9361 521 1530 1071 1963 1238 7540 9008 9295 683 512 1290 8666 1577 8948
27 4088 7799 4852 9621 4681 6848 5032 7649 5441 5772 6641 9583 3196 4262 3129 2325 9084 4098 1678 2311 752 8313 9756 3989 8744 6760 569
33 4362 2550 849 3168 2790 6426 4127 9296 6358 543 9221 1158 5020 7057 7977 4141 9641 6079 3307 7677 4296 9705 9282 2158 2650 8674 1633 247 4886 47 6231 3272 8996
36 685 93 5263 4427 6988 1664 5323 6745 5939 8090 9966 534 6062 2937 2535 377 6065 7421 6085 7205 18 4026 6446 2518 3692 3795 3433 6987 3775 9693 2036 4904 8180 3018 184 2874
25 1303 7630 9750 3657 2247 6918 1122 5784 3700 7606 9580 7611 5079 8836 7207 5170 1282 674 7968 68 9884 8113 9051 4782 2260
22 7780 9184 3353 2690 7159 1136 3576 2347 5507 7528 4644 8557 7674 7243 358 6758 7972 5559 6230 8794 5798 361
26 7689 6997 9780 6442 2301 7296 2378 6597 6202 175 2249 3478 9713 7900 7738 2181 9644 9553 729 5192 5059 4894 2786 7129 1387 6784
31 8484 8588 5217 379 4023 5851 6529 3881 8083 2284 8646 1555 7280 7066 3338 3441 6381 530 7035 9474 443 1420 9789 2514 7912 6366 9974 4200 6701 5554 7899
25 6147 2908 3682 5856 6091 7435 9140 9326 6884 7068 6216 9395 4890 7661 8815 7670 3410 7737 3570 2278 6245 8757 2846 4602 3234
25 7957 9181 2206 371 2150 6092 8619 9036 2857 1872 2756 5732 3043 9785 3580 3343 837 4502 6817 8041 2965 148 5476 4174 6646
35 4092 9554 9619 5556 8105 6368 1990 7590 2424 9390 8406 537 2688 8490 6901 867 2653 5174 4834 2332 7773 6789 2848 1834 9853 3781 1578 4125 2315 6515 5775 7995 7597 5361 167
25 5118 8549 3665 8093 3964 5097 8274 4282 6285 9422 2595 4298 8006 1449 4556 4581 1212 9173 8769 2847 9374 505 1977 7327 3723
22 5327 6830 6635 772 6071 6598 1628 6053 1285 5028 9488 5294 9434 9347 9536 1505 5692 1180 1079 5689 6324 3906
36 9970 2248 3435 9485 9807 7414 9783 6030 2855 7798 9061 3383 3880 4184 2409 6969 8157 7199 8414 34 3871 9922 8842 4652 5737 9535 9701 6617 3607 4275 157 6074 5762 2895 9673 8497
25 1557 3581 4929 8880 2359 8378 4102 2030 9306 9132 8736 9765 7332 7419 5540 4549 5881 161 7434 2910 7678 9325 7271 7820 6284
23 6610 8368 2683 1064 2897 3652 8266 4376 1174 3850 1460 869 7350 9157 158 4696 1850 5714 5527 1377 2526 8877 5201
29 861 1155 6185 1867 4887 8213 2229 4641 6486 7844 8698 8071 1253 2130 1656 3930 7664 975 7193 6571 2658 3680 626 8295 9201 5449 6837 8423 92
25 5981 8536 8451 4003 8046 3889 7807 6870 3811 2956 8430 5982 1075 2293 2000 991 1308 517 5594 4689 7374 3608 4021 4577 8346
24 5110 5337 4316 6072 9695 8203 5611 9069 2785 6702 6363 7339 6980 3926 6418 0 4773 3421 3900 9170 8738 3721 7324 8476
33 7808 2173 8897 4692 8155 107 9249 2730 1827 1295 7162 3710 8455 8454 3428 3716 6537 9880 7051 7462 390 6441 9852 9047 4035 6073 6764 2885 2430 9587 1504 9219 238
23 2689 8745 3817 4018 476 8928 3407 4794 2680 8689 8890 6943 6482 6225 4154 5868 7401 1812 1625 2358 9562 737 4759
31 4950 1933 3454 6668 5489 1358 7929 2023 8396 3381 4317 4679 6831 8741 1709 1871 9626 8882 788 7171 5996 4183 7345 8166 4703 5644 6439 9926 8044 4806 8218
26 3754 3975 6158 314 4351 9260 1888 3520 6495 8337 2197 4346 8927 2133 7688 5102 5749 9850 3110 8651 5795 3839 3400 9762 104 1845
23 4359 4783 7263 5172 5530 5131 3994 8991 4701 4223 7116 4741 6840 8541 3322 7795 5880 5254 514 9489 3303 2362 8143
30 5018 3961 7201 842 677 4322 9457 7841 1199 5076 7283 5719 5566 2707 2770 2816 895 5917 6247 2403 6104 6798 983 2008 8146 9167 4752 3782 9200 9043
24 6329 7416 7210 1943 2420 3022 1207 4348 4326 1735 9126 3838 4930 5465 318 8312 5266 1591 2006 4634 1919 8026 7680 9950
27 1649 1349 9612 2654 7574 3661 8145 728 8675 6458 9383 19 3072 494 5745 7936 3304 4922 3472 362 5980 967 2212 3712 942 4474 6048
32 2582 6531 2397 9501 8244 9180 396 7982 6674 486 746 2853 6087 302 5730 6592 5761 9139 6500 8216 1029 7277 8447 7503 643 3310 4438 2663 4269 9393 5411 4074
29 3104 7259 7614 5447 6129 3172 7452 6792 8247 2302 178 7187 7408 9902 2558 4159 6133 3547 8466 1669 4678 3026 6551 5713 5122 1249 684 598 8526
25 2254 4526 1418 1047 7811 6993 5442 3088 1953 576 7013 6591 564 6730 1692 5998 226 6516 9188 7980 3384 3868 7019 6210 5705
29 3218 4523 1144 7399 5659 3763 6715 5038 8209 6511 1016 4385 6024 1089 9761 2926 2208 4388 7538 332 5230 3030 9432 7942 461 965 8786 7659 5533
29 3698 4750 3274 2822 9938 4475 5189 1206 8723 7496 1059 5457 5740 3519 3187 7104 5080 6237 7441 9156 3910 9015 1806 7778 3120 2371 8275 8007 9919
30 719 4804 7926 9987 8397 7093 7722 4548 2878 8873 1626 5281 2569 1384 6171 2321 4485 8481 5963 424 6535 1926 2600 6020 4515 8129 6923 3464 4258 1910
28 804 5222 3446 8554 908 2640 9567 2187 3730 7394 599 2806 3552 7636 8270 5261 5311 4153 5601 9955 6058 8871 4161 2439 6168 7094 8672 288
34 9690 4588 2531 9174 5128 3119 4900 8242 8960 8079 9821 4736 2622 5325 7274 6897 6842 8331 3135 2480 5529 2070 4955 6380 7842 8411 1198 1030 7230 2335 6039 9582 2174 5171
44 3058 8561 3725 5366 2295 7812 2463 3872 7074 838 6161 9839 5562 3195 5977 5188 2256 5474 8268 4277 8790 5683 8989 3893 2500 9775 510 4389 4667 738 436 6593 4065 3651 3970 4493 7443 181 5871 664 3705 565 3127 8763
24 3379 6882 2205 6031 3764 5993 128 2858 6680 7376 7962 5049 919 6965 4682 953 152 9858 5180 8776 4585 3169 4037 650
24 5599 9049 696 8376 5168 1256 9518 5408 3402 2619 757 9235 3204 1601 3480 8579 542 6437 3224 2802 3154 4608 7069 1479
42 5780 7031 8320 9702 5322 5288 7663 5567 5169 3001 1052 7392 5669 9751 6389 8144 2670 8177 7893 7370 1918 6016 3077 8844 7110 9906 2450 1431 5063 6638 336 7386 740 9083 9958 7539 1529 2506 2349 6447 3790 5216
25 7700 8171 73 8712 3151 8134 7665 8153 9458 9670 9021 309 8838 4627 9060 55 2279 6081 2194 1994 1335 7623 7715 1613 8717
27 634 5444 1140 1304 7524 6001 1924 1531 5385 4405 1868 503 2809 8550 9263 1473 7981 5635 3940 7935 4336 8136 5988 6278 5082 4866 5304
28 2559 9089 7766 4871 163 3584 9740 5528 6339 9887 7697 1077 2496 4872 7334 5667 8740 8428 8445 1190 6251 3140 3458 6208 1129 9837 188 9796
26 4878 4168 210 7090 8870 8505 88 6413 846 2339 8424 5451 2964 1040 8853 4005 5433 3413 5462 3500 9625 8008 5966 5420 8684 9327
37 9896 227 9908 5630 2859 453 7166 8361 9541 8760 3419 2374 8885 3471 5831 9931 7989 9308 8521 4575 2510 2578 3586 2470 787 5558 6838 6135 2783 7486 295 3897 9304 6465 7701 9704 8110
27 8200 5509 6775 7130 8767 4473 9291 7824 9838 9508 6227 2155 4132 6933 6063 6565 6334 2607 602 6630 6167 5967 6000 661 2668 8622 1797
24 629 4837 8583 5255 4451 1049 240 2127 638 4654 7305 5639 5075 4391 2411 9549 4603 4946 8889 9905 2044 649 954 9267
34 5069 1274 5140 1622 5376 9196 2446 2145 2764 7335 6397 4698 3833 6099 8986 6559 2072 6154 8520 9283 6462 3814 6017 1907 3136 5114 1062 9921 3099 7010 9540 7883 5412 2882
44 2485 4477 3238 7411 6013 263 2056 6422 9273 333 2083 8863 8446 3289 3254 6541 7671 9933 3622 1012 2075 7644 3669 6051 2385 4009 3047 7881 5143 3330 8924 3640 4945 6156 6375 1838 5828 6174 488 882 6453 1917 5029 6555
23 5007 7588 5012 6127 8575 7510 8635 8379 595 8202 8703 4179 8173 6275 7575 3147 2234 4914 1604 3424 552 244 1415
32 628 4273 1176 1860 4230 8648 8519 8224 2710 2733 2647 9056 803 549 4304 8923 3189 6095 7145 8998 6050 8212 7672 5492 2320 155 4934 5380 4507 1552 9633 1788
23 4397 6356 3335 9332 2870 4830 2951 9798 8990 2575 4540 3641 4926 1560 2946 3766 5623 1441 483 8191 1813 5832 7854
23 9766 7427 5328 7726 1324 6601 7313 3283 4358 8073 8605 1247 5855 1225 6637 5305 8405 100 511 1611 7905 4882 5198
39 5658 5544 5756 1374 331 6093 5858 6276 4847 31 764 5287 5990 5884 1564 754 9810 1024 3895 452 7136 3852 3370 1638 4786 6879 5957 2864 9444 8807 2985 9280 7514 2014 8640 889 7095 7425 1822
26 9313 136 8660 3602 8461 4646 2709 7123 5220 3245 5807 2938 2343 9162 8595 4536 3575 7513 1067 7330 8947 4283 1898 5099 4123 2382
23 6428 8342 3639 2648 4735 4821 5897 5388 415 7499 6572 4288 9555 2679 2618 1517 3684 660 204 8332 855 2021 1454
31 876 2566 3112 7181 113 8241 234 3992 1554 4422 218 5589 6061 5748 8981 808 9709 4345 7217 9573 2838 5576 8506 8748 5604 9009 4802 5741 1237 2474 699
33 7229 538 826 5369 444 54 3588 9175 3878 8362 3076 3848 2740 786 9888 5948 3447 1351 583 4353 6640 2845 195 8231 9593 3981 5912 5592 1493 4777 3572 2902 8485
24 3931 9602 9057 5889 9183 6777 8371 2029 7232 2105 9923 2610 5448 4677 1333 5486 4497 3198 4607 313 6522 9991 8962 7105
27 5142 3209 2326 7628 7180 6191 560 5251 7002 3603 206 5153 4651 7762 6364 3967 1605 6307 2257 8895 9663 5271 776 7149 1152 5750 7006
32 984 2387 7176 2346 7704 6115 1632 4015 6487 621 2539 1829 3451 6585 1740 2626 7203 2894 6172 3675 1583 3806 426 8042 6187 3738 5786 4147 49 4764 3102 224
28 2266 2225 7344 209 5758 8072 1300 4503 2416 3137 7241 6921 2691 2844 3674 2933 8425 6291 388 5179 1619 7999 6678 7647 4027 4079 1442 7495
24 6180 1022 9334 3460 8708 8086 4134 8383 7667 6869 4618 4683 4210 1807 7554 7402 1347 74 978 9 2850 9918 9597 2810
36 1634 5001 6069 9976 6861 2606 5011 3732 5341 4191 4441 1370 3028 2788 1573 6917 7078 2489 774 2012 4481 720 2219 6846 5541 36 627 1770 2428 3249 269 5931 2232 1589 4932 9643
26 3141 357 9336 7599 7132 1759 1796 4352 6859 6995 5091 4747 2978 767 1944 1482 9437 9672 1372 7834 5 7179 5808 9448 4974 5275
41 7029 9344 9198 1670 5136 3634 2438 6456 5293 6520 5946 250 3823 5767 7947 1276 6779 1617 4053 8764 3598 2703 4593 5979 3801 2889 996 3476 2852 9632 8820 9615 7455 407 4300 830 4201 9371 2323 9095 4016
25 1497 2587 5811 4863 8298 3177 1054 3918 1033 9629 8457 9165 6139 7558 4371 9406 1389 714 1164 1296 3560 8799 3259 67 5956
27 8655 4399 5277 118 545 2638 896 6633 1928 3361 251 3075 9495 3146 3711 4838 3387 3919 2537 2019 9753 2747 5928 5595 9579 8482 3300
29 8697 9220 6176 4665 6557 4958 1083 6429 9833 9343 3642 6799 9445 5694 7058 7653 1556 5944 3561 8263 4512 9104 7053 2080 1488 9471 888 5205 9992
27 472 9396 9244 6188 7825 5838 1301 8779 4650 9418 3846 2218 8858 5984 3269 385 7862 3444 8151 1409 497 9903 559 3453 8474 8102 4490
33 9010 8847 6481 7472 8969 7632 3722 1440 4733 3488 7489 2913 8185 10 8060 731 4657 899 7298 6244 6354 4884 7202 9014 1532 7342 4604 7809 8004 2033 1477 5603 8189
27 168 2304 3952 8637 1259 6944 994 4854 4409 4582 5378 8750 3876 8255 3554 8547 1425 5467 5017 9265 5452 8089 7240 8084 797 351 1756
35 2529 3 7955 6703 9904 1316 4086 9832 927 7573 5800 2983 6776 4626 6885 3653 886 481 4861 106 5204 8137 2406 3086 1214 4637 7438 307 2795 6650 6773 5571 1450 6556 9830
24 7625 6587 7864 8104 2051 2364 8663 4268 3518 291 9266 6786 1499 1654 5613 6783 468 5284 2773 83 6271 8707 7072 6141
25 972 7226 4271 2677 6733 9013 6915 9264 2348 1883 5643 7287 9703 8631 6323 4440 7967 3194 8566 2538 7870 1711 6670 8330 6510
42 4598 9607 1781 8570 7076 9882 4856 2548 7024 7868 6992 3623 2117 6553 7038 3035 4313 2447 3697 7801 2328 3010 3443 1035 9575 6726 6794 3191 823 4738 4982 2065 1159 3267 3511 5727 7373 5485 7312 6443 3242 5536
34 6005 2968 782 8055 9993 2171 8997 3944 7460 8162 4615 2673 343 7133 7797 7749 2167 7320 8892 2706 8201 8903 3693 2472 747 917 223 81 4614 2588 1731 3794 8409 4976
30 7858 4971 2138 5252 2876 228 3385 323 8236 2521 77 7249 2884 1966 515 6753 1526 8281 3691 2287 3762 9487 8940 1221 7876 3494 6045 9078 4318 5054
25 8388 9699 8238 7224 7169 8398 8681 1816 9681 9203 5833 801 2126 2821 594 6825 4428 3574 6567 6400 1302 3873 9711 4439 1714
28 7785 2131 5119 5475 1889 8572 6550 3956 2997 8604 376 5766 7960 360 8854 2157 6735 3481 8183 9150 9811 5839 6560 355 3352 9682 3216 9972
31 197 812 762 1331 4659 8119 2376 214 5459 8627 5757 1895 2752 3356 698 4382 885 9844 678 3372 3656 4152 3337 6315 1960 9341 6539 5936 6697 4594 2925
24 1852 6189 5969 4457 2996 9403 5724 7014 5514 9142 500 3456 708 149 9206 4883 3709 7485 4338 7028 446 1689 2300 6295
25 3143 5384 5677 8501 2519 1733 9356 1792 6881 3896 5710 370 9378 1388 5535 5563 2922 6006 3126 498 9786 7268 6858 6699 1743
29 6105 2238 5829 7911 8540 8334 8905 9372 3107 8654 2517 6130 9234 1192 1927 7833 2422 4206 6639 6871 8443 893 3587 2370 4308 5634 878 3946 4780
25 7466 8950 3485 3813 27 2283 6269 3031 7884 8043 28 5228 8228 9144 4954 4625 6160 860 556 2590 8318 622 8440 5285 4309
28 7266 7901 5841 6532 9094 7367 3954 6236 2063 1383 2849 2113 4177 3251 6068 448 3599 9698 1309 3792 1010 579 7115 7471 1166 5010 9411 4208
35 9424 4640 2805 2906 5103 6654 2699 8355 8814 1017 3111 508 9865 9831 9449 463 2041 8987 6309 4236 5253 8516 4212 8593 7477 3014 2062 3354 3341 9054 3890 7424 2110 2147 7009
27 5919 1695 9425 6166 540 3103 9483 1885 3704 5098 8795 1527 2545 8138 9303 9148 4492 2149 7276 7004 7651 943 6900 6379 3142 8142 428
26 6508 4975 3466 6609 3582 7565 7358 884 6931 7906 1777 4421 8176 5534 8830 5655 7253 5820 5231 964 2842 6989 5470 5812 8469 2871
26 6688 8560 341 9345 7760 8259 2621 6298 4011 5414 9691 9759 1248 9556 4921 7569 3637 6250 4606 9241 5505 59 3758 2599 6552 8096
43 6455 724 4329 7571 9767 751 8914 679 6470 4395 1037 1111 769 6851 1421 3999 613 9995 3558 2392 7292 1080 4562 4707 3783 3468 8360 7491 9362 645 5383 1964 8618 7744 2236 1085 3042 3405 3535 833 6108 1223 3891
23 5081 2137 1620 1831 9030 5918 2189 2605 3061 3953 3685 1151 7343 4077 3773 1241 1849 3276 8370 194 5987 2099 5816
31 5197 4091 1913 2572 5055 9447 6162 9254 9398 2854 5372 2319 5547 2209 2794 6088 2255 2007 8109 4370 5432 4867 8098 3293 5108 112 9900 5637 4426 8394 8980
47 8107 9430 2271 2166 5755 387 6034 4460 6883 9322 4850 5303 1400 9499 7768 2819 2114 4483 2892 306 2536 8848 5377 4730 5695 7177 8662 9924 9158 4555 2134 9787 8975 2598 726 2361 5972 4249 2 9683 4504 8196 632 9408 5479 6513 464
33 3717 3904 297 9799 9293 9350 3309 6401 4999 8187 7272 593 6863 7919 143 7990 40 2777 712 3329 4070 6484 9557 2988 264 3160 580 5190 205 6478 3512 9861 4695
23 4832 7840 9628 5209 5289 3420 9310 491 8511 9421 8000 1701 6889 5621 7067 5241 7333 3553 457 9856 9409 7001 5827
45 1746 5321 1466 1355 183 5522 2061 5836 7501 3888 8385 4232 22 6369 9913 4933 587 2720 1070 6643 9528 976 8258 2242 4972 605 6736 1028 6741 2694 7468 229 9259 5508 6361 5852 7225 3369 4713 2265 96 1330 3436 7924 1078
37 6372 2220 50 1105 4368 7710 1984 8088 2941 8659 8568 5885 5954 1985 1474 1766 2490 1843 3664 6015 4567 850 378 4931 8841 1072 4699 3577 9873 2746 6974 8507 2778 2863 2290 9548 8887
30 3159 4609 4597 3809 7152 6420 8479 1663 1708 1021 6843 7837 6427 971 8773 7763 6403 176 9851 1283 9795 9394 2459 9472 8856 6652 7545 8977 9736 2893
28 5922 392 7033 1100 8208 6847 1183 4911 3317 2451 3362 9712 9204 6642 7754 4081 4570 3344 1395 3091 1651 2377 9062 5866 4605 9276 8264 8941
34 394 8441 3841 9227 4991 8864 6808 4211 9794 4810 1097 2185 7813 1320 1580 4080 4551 7128 4748 8460 1469 7886 9338 7184 541 5120 3922 8562 5572 6823 9397 1194 8418 9214
25 1299 2053 2235 5421 8904 4419 870 5653 1182 9952 7248 6886 5907 6479 2046 3427 9558 2662 6952 8834 7459 9365 5087 8749 5477
32 4354 4238 727 7071 9867 2762 7154 6546 9591 6330 2495 5989 5043 1744 9417 6805 8673 8589 9679 2507 6612 4624 7612 53 6651 261 9559 4264 5495 814 8534 4341
35 1950 3985 4111 7119 8630 7784 6009 2832 7527 5679 9491 7579 6821 4464 1511 1506 2534 3359 4489 1173 1951 9946 9135 2527 6653 4479 3819 682 111 504 3797 7598 5390 5742 5178
22 3179 1668 7534 7227 7839 9706 7106 2276 4404 4253 7735 5096 1514 460 4746 9133 526 8876 8350 8081 5453 6280
30 7204 5374 6212 9289 4853 6873 6902 5716 1224 6283 5822 872 8147 8356 3816 7861 9284 1846 6289 585 3611 5272 1137 1074 9749 6157 1261 3662 43 1598
23 9684 4465 4714 8117 2898 3355 6624 5759 667 3463 6022 9953 662 9053 9697 8037 6687 7805 9654 7194 4902 4944 4243
30 470 7124 6444 5207 6632 4033 5424 1498 8783 5235 5721 4685 3213 6982 3820 8297 2423 986 7355 9247 4927 2560 2831 4560 8429 9638 7213 4115 9222 5360
22 7724 4980 8065 7504 6545 694 3734 6313 7451 2132 7141 2078 3357 5521 6853 7175 2998 249 1621 9790 7650 5468
38 7914 8718 9298 9456 402 3145 6732 7952 4171 9197 3938 5580 1795 1036 2367 449 9527 1842 2250 6226 3504 2765 2630 2594 6454 8366 5899 8279 6184 2037 1808 589 117 1753 3645 2184 9269 2394
31 9504 94 575 5900 5320 7802 8993 6260 7236 3825 8433 2462 2642 4631 6370 5744 9826 3082 2316 3138 3706 821 6346 680 1201 1799 9620 6402 4860 6611 4029
23 2085 8437 6248 9686 172 7705 3327 1369 5691 640 2927 7022 5560 7208 8449 2562 8237 1727 6146 7196 7702 4017 8558
24 2437 3528 8615 3215 2299 4447 6151 3365 3862 1218 9584 1310 8167 5004 8390 1429 2929 2657 7042 8726 6019 4669 4182 3029
28 6942 3442 6722 1423 3434 7160 4205 7308 7170 1869 7759 7971 2176 4148 5066 340 8108 6353 5975 968 8775 35 3231 4170 2928 4881 7322 1595
28 8033 8131 2585 4471 3474 1115 9429 3735 2045 4314 4693 6961 8628 518 3772 1893 4038 8010 5248 9650 5145 8733 2115 2199 5648 7600 473 8584
38 8916 9828 8943 658 2227 7880 6089 7580 5564 1995 9990 6602 3207 945 5723 4244 2079 4745 2191 8353 6218 8257 6530 8491 4480 5586 790 6229 8227 2904 2143 4771 4942 928 2982 979 5111 883
22 7163 8976 4899 4788 2581 4194 6186 2198 3237 921 7945 2931 668 9512 9029 9329 1594 3318 2160 2947 1749 5964
32 4928 4135 3549 815 8020 8070 8421 6887 6621 3986 6790 131 6744 2230 7596 5352 1584 3398 4965 3229 7139 4948 7505 1185 9588 4622 7576 3482 17 1058 2280 8027
26 6834 5877 6807 1245 5933 6350 3822 4633 6892 5834 6822 6540 7525 2959 841 2676 8407 8921 1298 5909 7520 9152 7436 7349 7007 5496
24 3268 3363 9400 7974 6337 4224 6181 4880 9003 9370 4990 2503 3568 963 3673 8821 6223 1051 5825 6819 5583 9965 6435 5715
30 8194 4324 9984 1970 6114 717 5700 3083 2111 8220 2285 3583 2957 5612 6919 5147 6327 8693 2586 6712 479 1914 3907 6676 52 2949 2391 243 7533 207
30 2318 3798 427 8128 4765 8746 536 5095 1202 432 2769 1393 5960 924 9969 6035 4217 8417 9352 6257 4402 6234 9951 4272 9996 1853 6603 8402 9849 2796
31 4744 339 2103 2836 960 868 5481 7852 1484 182 5229 196 7077 5274 3199 8917 6999 1969 133 9155 2469 6564 6814 3678 4193 5176 1398 7830 5195 5399 4305
29 5246 9242 2738 8502 2608 5460 5883 5845 2611 7742 4571 9630 562 6501 1056 62 663 2154 7481 3108 8999 4909 8021 1406 3633 3688 1066 4632 624
23 7747 4913 9011 3743 9943 3336 7855 455 300 3808 2629 6316 1175 2202 3331 1754 8078 5995 8288 6534 2467 7117 8336
26 2741 806 4848 8945 1467 3247 5985 2178 9915 1823 7015 2368 3635 8961 3796 4218 6410 4538 7879 6393 8601 9520 5803 2719 2776 4032
22 7694 8101 4064 1126 8983 4774 2516 3036 920 550 8250 7757 8771 8687 9151 3542 9136 5167 5865 4311 1700 1050
22 6224 1809 2190 8995 4320 7662 5619 3668 6055 987 9307 851 2401 6935 2826 3534 1562 1596 7774 7393 3090 2742
30 9385 5166 2615 8420 154 3596 7039 2900 1378 4849 2515 5367 8436 3491 7360 4116 6705 8652 4332 9252 1391 7683 9323 419 6414 669 5398 1376 6008 7956
25 2253 65 6148 8305 1780 1463 5124 6645 3628 3431 3694 2571 5394 7134 5200 5006 69 7063 7943 8395 7654 3569 5587 7687 9233
30 1810 3947 5753 9897 4545 9869 6038 1096 1177 6300 8170 9351 239 5256 9594 1112 4586 4408 4787 763 3515 2421 1878 8251 1127 9862 7815 6866 9377 8302
34 7256 5051 1790 9804 741 5483 2386 6239 7238 3257 7958 8865 4131 2144 3524 8403 1672 2277 2027 8190 4466 6937 6616 5194 1001 3708 5585 1694 5777 5657 1360 3597 8932 4663
29 5358 3677 3648 3807 2119 3220 2935 8116 5892 2381 2241 9258 1150 8304 648 5615 6287 7422 3593 7246 6037 1600 7321 3789 3373 8817 6778 6577 2484
31 7270 2164 9441 6939 9442 3270 5821 2684 8309 1751 925 7353 6102 3328 3477 1863 2602 5524 9168 4430 1430 4344 7727 4242 4095 4935 9438 8571 5027 9914 3034
34 8567 2952 467 1839 4645 1273 3116 5431 897 6728 6748 2986 5590 2369 5210 5614 3843 1149 4103 7348 5733 3495 4818 1912 9571 4590 9764 85 1311 9141 1128 9353 2410 799
26 6094 3729 1487 1157 4 6629 8022 1267 2088 2675 3538 8576 5419 5738 603 9076 3845 2390 7125 3278 3377 4686 3800 9688 4454 3263
25 1382 5008 365 8831 2825 2734 912 2002 1904 1581 1832 4315 6809 6362 8725 4144 6569 1565 8629 1508 8789 6342 8803 7891 4013
25 2760 2090 6963 3486 1123 170 3943 513 7789 2686 6714 4140 1579 2040 631 5920 6757 3012 9660 9035 9847 5627 7626 2309 4757
34 4260 1929 7209 2672 8099 2541 3912 2305 1553 5725 9099 276 2408 4339 7562 840 3847 4977 5155 7896 5806 4001 4278 3262 7476 9038 2841 4248 5895 3023 245 3821 4859 121
22 7190 3081 3284 3115 4812 4718 2379 354 3687 5874 3963 3615 7817 5344 1392 5121 5363 7681 4118 5696 6727 1724
26 8392 6472 6137 8211 1590 5247 7231 4671 7137 3546 4101 5313 9901 6097 6207 4164 2661 619 5943 397 3746 2342 2067 7362 8222 3417
28 9459 9339 2177 4192 2635 2471 4321 2961 82 9677 5628 4108 1547 4246 7114 4292 3585 9510 7218 4431 164 493 2261 4889 5878 5403 282 3412
33 2165 5430 5837 9529 6136 374 2393 785 124 383 4469 3041 8024 9883 1998 5037 7627 9314 2860 4544 2705 4941 4452 3134 8974 5641 873 2112 3170 5130 2106 2656 9311
31 3401 404 915 5818 6120 2282 273 966 4855 3161 1187 7315 1965 6941 1251 1448 6014 1673 7216 2192 7475 3241 9268 5375 1515 3049 3053 4312 1009 4375 1359
26 9744 8851 9968 3052 6206 5645 3962 7564 1703 4363 9098 1139 1471 8053 5941 1120 265 4711 1169 3737 7041 9024 6761 8879 5276 8809
25 4401 1778 9164 7412 7470 9608 1000 4811 6698 2628 6351 4384 9768 8412 3297 6608 5959 9718 6131 5090 2289 3078 1407 2523 9715
33 8715 6586 1451 2763 6694 3949 9910 3050 6003 3285 2334 4059 8525 944 445 2969 3414 2828 6523 2682 982 1462 6867 7986 4720 4833 659 9899 8062 9297 1803 6662 5084
31 8938 8538 9270 9412 4097 2244 7464 125 5646 3996 2123 5068 2512 9382 6344 4739 454 1774 9387 4938 1240 1677 4057 8952 2020 609 6589 3516 948 5196 3157
28 3388 1682 8333 8806 5550 3175 1539 7054 8040 6336 1405 3017 7685 5182 4519 836 7502 1048 7173 834 8052 3186 3769 8937 1533 6277 8682 8273
28 3779 4997 1957 7944 5152 7772 5094 9678 2082 3514 3945 8080 60 5211 2121 8613 633 9662 4793 3256 6138 8296 771 1084 4775 6221 2025 2729
30 6357 6672 2950 8349 7034 8610 1741 6527 2570 9936 5709 1789 6950 5763 7913 6468 890 1599 4166 3020 1873 907 6924 2243 7478 5720 8984 3749 9551 8770
40 2327 2603 1983 6497 8094 8668 7803 5024 3301 3683 2718 8063 5650 3836 3409 7264 6299 9778 1401 8198 451 102 8530 7973 9245 7543 3206 4621 9419 6421 8106 856 2774 4623 9428 4221 3988 9482 6066 9813
26 7551 7786 9257 5036 7979 2109 6476 7693 7347 6665 9531 5039 1116 5561 9653 9386 7097 9070 8444 4684 2613 25 1747 5262 6872 5418
28 1793 6554 23 1642 6769 8839 3100 2973 8165 5405 5283 1521 6407 7828 3290 5149 9134 3286 2064 7398 3791 8013 8381 3718 5417 6964 381 3452
23 7776 5910 2868 9537 2837 9875 4781 4553 386 7118 7666 5324 805 3156 9231 3827 1252 5532 2288 8543 9983 8772 6246
23 9237 7473 1821 147 5429 1020 1981 2414 3765 8463 6528 5731 3294 8704 5934 8317 2291 1306 4611 7752 5797 9514 98
28 6558 2808 5682 2193 5023 9384 1146 5638 8930 8188 7548 8869 2429 437 9465 9112 2270 3345 1386 4233 5225 6169 7615 5437 8591 2296 2546 4572
